Log file open, 02/12/20 19:41:50
LogWindows: Failed to load 'aqProf.dll' (GetLastError=126)
LogWindows: File 'aqProf.dll' does not exist
LogWindows: Failed to load 'VtuneApi.dll' (GetLastError=126)
LogWindows: File 'VtuneApi.dll' does not exist
LogWindows: Failed to load 'VtuneApi32e.dll' (GetLastError=126)
LogWindows: File 'VtuneApi32e.dll' does not exist
LogConsoleResponse: Display: Failed to find resolution value strings in scalability ini. Falling back to default.
LogInit: Display: Running engine for game: JourneymanMechanics
LogPakFile: Registered encryption key '00000000000000000000000000000000': 0 pak files mounted, 0 remain pending
LogPlatformFile: Not using cached read wrapper
LogTaskGraph: Started task graph with 5 named threads and 20 total threads with 3 sets of task threads.
LogStats: Stats thread started at 0.231447
LogD3D11RHI: Loaded GFSDK_Aftermath_Lib.x64.dll
LogICUInternationalization: ICU TimeZone Detection - Raw Offset: +0:00, Platform Override: ''
LogPluginManager: Mounting plugin Paper2D
LogPluginManager: Mounting plugin AISupport
LogPluginManager: Mounting plugin LightPropagationVolume
LogPluginManager: Mounting plugin ActorLayerUtilities
LogPluginManager: Mounting plugin CLionSourceCodeAccess
LogPluginManager: Mounting plugin CodeLiteSourceCodeAccess
LogPluginManager: Mounting plugin GitSourceControl
LogPluginManager: Mounting plugin KDevelopSourceCodeAccess
LogPluginManager: Mounting plugin NullSourceCodeAccess
LogPluginManager: Mounting plugin PerforceSourceControl
LogPluginManager: Mounting plugin SubversionSourceControl
LogPluginManager: Mounting plugin UObjectPlugin
LogPluginManager: Mounting plugin VisualStudioCodeSourceCodeAccess
LogPluginManager: Mounting plugin VisualStudioSourceCodeAccess
LogPluginManager: Mounting plugin XCodeSourceCodeAccess
LogPluginManager: Mounting plugin AssetManagerEditor
LogPluginManager: Mounting plugin CryptoKeys
LogPluginManager: Mounting plugin DataValidation
LogPluginManager: Mounting plugin FacialAnimation
LogPluginManager: Mounting plugin GameplayTagsEditor
LogPluginManager: Mounting plugin MacGraphicsSwitching
LogPluginManager: Mounting plugin MeshEditor
LogPluginManager: Mounting plugin MobileLauncherProfileWizard
LogPluginManager: Mounting plugin PluginBrowser
LogPluginManager: Mounting plugin SpeedTreeImporter
LogPluginManager: Mounting plugin DatasmithContent
LogPluginManager: Mounting plugin VariantManagerContent
LogPluginManager: Mounting plugin AlembicImporter
LogPluginManager: Mounting plugin AppleImageUtils
LogPluginManager: Mounting plugin AppleVision
LogPluginManager: Mounting plugin BackChannel
LogPluginManager: Mounting plugin CharacterAI
LogPluginManager: Mounting plugin GeometryCache
LogPluginManager: Mounting plugin HTML5Networking
LogPluginManager: Mounting plugin ProxyLODPlugin
LogPluginManager: Mounting plugin MagicLeap
LogPluginManager: Mounting plugin MagicLeapMedia
LogPluginManager: Mounting plugin AndroidMedia
LogPluginManager: Mounting plugin AvfMedia
LogPluginManager: Mounting plugin ImgMedia
LogPluginManager: Mounting plugin LinearTimecode
LogPluginManager: Mounting plugin MediaCompositing
LogPluginManager: Mounting plugin MediaPlayerEditor
LogPluginManager: Mounting plugin WebMMedia
LogPluginManager: Mounting plugin WmfMedia
LogPluginManager: Mounting plugin TcpMessaging
LogPluginManager: Mounting plugin UdpMessaging
LogPluginManager: Mounting plugin ActorSequence
LogPluginManager: Mounting plugin LevelSequenceEditor
LogPluginManager: Mounting plugin MatineeToLevelSequence
LogPluginManager: Mounting plugin NetcodeUnitTest
LogPluginManager: Mounting plugin NUTUnrealEngine4
LogPluginManager: Mounting plugin OnlineSubsystemGooglePlay
LogPluginManager: Mounting plugin OnlineSubsystemIOS
LogPluginManager: Mounting plugin OnlineSubsystem
LogPluginManager: Mounting plugin OnlineSubsystemNull
LogPluginManager: Mounting plugin OnlineSubsystemUtils
LogPluginManager: Mounting plugin LauncherChunkInstaller
LogPluginManager: Mounting plugin AndroidDeviceProfileSelector
LogPluginManager: Mounting plugin AndroidMoviePlayer
LogPluginManager: Mounting plugin AndroidPermission
LogPluginManager: Mounting plugin ApexDestruction
LogPluginManager: Mounting plugin AppleMoviePlayer
LogPluginManager: Mounting plugin ArchVisCharacter
LogPluginManager: Mounting plugin AudioCapture
LogPluginManager: Mounting plugin CableComponent
LogPluginManager: Mounting plugin CustomMeshComponent
LogPluginManager: Mounting plugin EditableMesh
LogPluginManager: Mounting plugin ExampleDeviceProfileSelector
LogPluginManager: Mounting plugin Firebase
LogPluginManager: Mounting plugin GoogleCloudMessaging
LogPluginManager: Mounting plugin IOSDeviceProfileSelector
LogPluginManager: Mounting plugin LinuxDeviceProfileSelector
LogPluginManager: Mounting plugin LocationServicesBPLibrary
LogPluginManager: Mounting plugin MobilePatchingUtils
LogPluginManager: Mounting plugin OculusVR
LogPluginManager: Mounting plugin PhysXVehicles
LogPluginManager: Mounting plugin ProceduralMeshComponent
LogPluginManager: Mounting plugin RuntimePhysXCooking
LogPluginManager: Mounting plugin SteamVR
LogPluginManager: Mounting plugin WebMMoviePlayer
LogPluginManager: Mounting plugin WindowsMoviePlayer
LogPluginManager: Mounting plugin UnrealEnginePython
LogStreaming: Display: Took  0.122s to configure plugins.
LogInit: Using libcurl 7.55.1-DEV
LogInit:  - built for x86_64-pc-win32
LogInit:  - supports SSL with OpenSSL/1.0.2h
LogInit:  - supports HTTP deflate (compression) using libz 1.2.8
LogInit:  - other features:
LogInit:      CURL_VERSION_SSL
LogInit:      CURL_VERSION_LIBZ
LogInit:      CURL_VERSION_IPV6
LogInit:      CURL_VERSION_ASYNCHDNS
LogInit:      CURL_VERSION_LARGEFILE
LogInit:      CURL_VERSION_IDN
LogInit:  CurlRequestOptions (configurable via config and command line):
LogInit:  - bVerifyPeer = true  - Libcurl will verify peer certificate
LogInit:  - bUseHttpProxy = false  - Libcurl will NOT use HTTP proxy
LogInit:  - bDontReuseConnections = false  - Libcurl will reuse connections
LogInit:  - MaxHostConnections = 16  - Libcurl will limit the number of connections to a host
LogInit:  - LocalHostAddr = Default
LogInit:  - BufferSize = 65536
LogInit: WinSock: version 1.1 (2.2), MaxSocks=32767, MaxUdp=65467
LogHMD: Failed initializing OVRPlugin 1.28.0
LogInit: Build: ++UE4+Release-4.21-CL-4753647
LogInit: Engine Version: 4.21.2-4753647+++UE4+Release-4.21
LogInit: Compatible Engine Version: 4.21.0-4541578+++UE4+Release-4.21
LogInit: Net CL: 4541578
LogInit: OS: Windows 10 (), CPU: Intel(R) Core(TM) i5-9400 CPU @ 2.90GHz, GPU: NVIDIA GeForce GTX 1650
LogInit: Compiled (64-bit): Jan 19 2019 02:07:31
LogInit: Compiled with Visual C++: 19.13.26129.00
LogInit: Build Configuration: Development
LogInit: Branch Name: ++UE4+Release-4.21
LogInit: Command Line: 
LogInit: Base Directory: D:/Program Files/Epic Games/UE_4.21/Engine/Binaries/Win64/
LogInit: Installed Engine Build: 1
LogDevObjectVersion: Number of dev versions registered: 22
LogDevObjectVersion:   Dev-Blueprints (B0D832E4-1F89-4F0D-ACCF-7EB736FD4AA2): 10
LogDevObjectVersion:   Dev-Build (E1C64328-A22C-4D53-A36C-8E866417BD8C): 0
LogDevObjectVersion:   Dev-Core (375EC13C-06E4-48FB-B500-84F0262A717E): 2
LogDevObjectVersion:   Dev-Editor (E4B068ED-F494-42E9-A231-DA0B2E46BB41): 26
LogDevObjectVersion:   Dev-Framework (CFFC743F-43B0-4480-9391-14DF171D2073): 34
LogDevObjectVersion:   Dev-Mobile (B02B49B5-BB20-44E9-A304-32B752E40360): 2
LogDevObjectVersion:   Dev-Networking (A4E4105C-59A1-49B5-A7C5-40C4547EDFEE): 0
LogDevObjectVersion:   Dev-Online (39C831C9-5AE6-47DC-9A44-9C173E1C8E7C): 0
LogDevObjectVersion:   Dev-Physics (78F01B33-EBEA-4F98-B9B4-84EACCB95AA2): 0
LogDevObjectVersion:   Dev-Platform (6631380F-2D4D-43E0-8009-CF276956A95A): 0
LogDevObjectVersion:   Dev-Rendering (12F88B9F-8875-4AFC-A67C-D90C383ABD29): 27
LogDevObjectVersion:   Dev-Sequencer (7B5AE74C-D270-4C10-A958-57980B212A5A): 9
LogDevObjectVersion:   Dev-VR (D7296918-1DD6-4BDD-9DE2-64A83CC13884): 2
LogDevObjectVersion:   Dev-LoadTimes (C2A15278-BFE7-4AFE-6C17-90FF531DF755): 1
LogDevObjectVersion:   Private-Geometry (6EACA3D4-40EC-4CC1-B786-8BED09428FC5): 3
LogDevObjectVersion:   Dev-AnimPhys (29E575DD-E0A3-4627-9D10-D276232CDCEA): 17
LogDevObjectVersion:   Dev-Anim (AF43A65D-7FD3-4947-9873-3E8ED9C1BB05): 2
LogDevObjectVersion:   Dev-ReflectionCapture (6B266CEC-1EC7-4B8F-A30B-E4D90942FC07): 1
LogDevObjectVersion:   Dev-Automation (0DF73D61-A23F-47EA-B727-89E90C41499A): 1
LogDevObjectVersion:   FortniteMain (601D1886-AC64-4F84-AA16-D3DE0DEAC7D6): 17
LogDevObjectVersion:   Dev-Enterprise (9DFFBCD6-494F-0158-E221-12823C92A888): 4
LogDevObjectVersion:   Dev-Niagara (F2AED0AC-9AFE-416F-8664-AA7FFA26D6FC): 1
LogStreaming: Display: Took  0.020s to delete old logs.
LogInit: Presizing for max 8388607 objects, including 0 objects not considered by GC, pre-allocating 0 bytes for permanent pool.
LogInit: Object subsystem initialized
LogConfig: Setting CVar [[con.DebugEarlyDefault:1]]
LogConfig: Setting CVar [[r.setres:1280x720]]
[2020.02.12-19.41.50:947][  0]LogConfig: Setting CVar [[r.VSync:0]]
[2020.02.12-19.41.50:947][  0]LogConfig: Setting CVar [[r.RHICmdBypass:0]]
[2020.02.12-19.41.50:947][  0]LogConfig: Applying CVar settings from Section [/Script/Engine.RendererSettings] File [D:/Users/marti/Documents/Unreal Projects/JourneymanMechanics/Saved/Config/Windows/Engine.ini]
[2020.02.12-19.41.50:947][  0]LogConfig: Setting CVar [[r.GPUCrashDebugging:0]]
[2020.02.12-19.41.50:947][  0]LogConfig: Applying CVar settings from Section [/Script/Engine.RendererOverrideSettings] File [D:/Users/marti/Documents/Unreal Projects/JourneymanMechanics/Saved/Config/Windows/Engine.ini]
[2020.02.12-19.41.50:947][  0]LogConfig: Applying CVar settings from Section [/Script/Engine.StreamingSettings] File [D:/Users/marti/Documents/Unreal Projects/JourneymanMechanics/Saved/Config/Windows/Engine.ini]
[2020.02.12-19.41.50:947][  0]LogConfig: Setting CVar [[s.MinBulkDataSizeForAsyncLoading:131072]]
[2020.02.12-19.41.50:947][  0]LogConfig: Setting CVar [[s.AsyncLoadingThreadEnabled:0]]
[2020.02.12-19.41.50:947][  0]LogConfig: Setting CVar [[s.EventDrivenLoaderEnabled:1]]
[2020.02.12-19.41.50:947][  0]LogConfig: Setting CVar [[s.WarnIfTimeLimitExceeded:0]]
[2020.02.12-19.41.50:947][  0]LogConfig: Setting CVar [[s.TimeLimitExceededMultiplier:1.5]]
[2020.02.12-19.41.50:947][  0]LogConfig: Setting CVar [[s.TimeLimitExceededMinTime:0.005]]
[2020.02.12-19.41.50:947][  0]LogConfig: Setting CVar [[s.UseBackgroundLevelStreaming:1]]
[2020.02.12-19.41.50:947][  0]LogConfig: Setting CVar [[s.PriorityAsyncLoadingExtraTime:15.0]]
[2020.02.12-19.41.50:947][  0]LogConfig: Setting CVar [[s.LevelStreamingActorsUpdateTimeLimit:5.0]]
[2020.02.12-19.41.50:947][  0]LogConfig: Setting CVar [[s.PriorityLevelStreamingActorsUpdateExtraTime:5.0]]
[2020.02.12-19.41.50:947][  0]LogConfig: Setting CVar [[s.LevelStreamingComponentsRegistrationGranularity:10]]
[2020.02.12-19.41.50:947][  0]LogConfig: Setting CVar [[s.UnregisterComponentsTimeLimit:1.0]]
[2020.02.12-19.41.50:947][  0]LogConfig: Setting CVar [[s.LevelStreamingComponentsUnregistrationGranularity:5]]
[2020.02.12-19.41.50:947][  0]LogConfig: Applying CVar settings from Section [/Script/Engine.GarbageCollectionSettings] File [D:/Users/marti/Documents/Unreal Projects/JourneymanMechanics/Saved/Config/Windows/Engine.ini]
[2020.02.12-19.41.50:947][  0]LogConfig: Setting CVar [[gc.MaxObjectsNotConsideredByGC:1]]
[2020.02.12-19.41.50:948][  0]LogConfig: Setting CVar [[gc.SizeOfPermanentObjectPool:0]]
[2020.02.12-19.41.50:948][  0]LogConfig: Setting CVar [[gc.FlushStreamingOnGC:0]]
[2020.02.12-19.41.50:948][  0]LogConfig: Setting CVar [[gc.NumRetriesBeforeForcingGC:10]]
[2020.02.12-19.41.50:948][  0]LogConfig: Setting CVar [[gc.AllowParallelGC:1]]
[2020.02.12-19.41.50:948][  0]LogConfig: Setting CVar [[gc.TimeBetweenPurgingPendingKillObjects:61.1]]
[2020.02.12-19.41.50:948][  0]LogConfig: Setting CVar [[gc.MaxObjectsInEditor:8388607]]
[2020.02.12-19.41.50:948][  0]LogConfig: Setting CVar [[gc.IncrementalBeginDestroyEnabled:1]]
[2020.02.12-19.41.50:948][  0]LogConfig: Setting CVar [[gc.CreateGCClusters:1]]
[2020.02.12-19.41.50:948][  0]LogConfig: Setting CVar [[gc.MergeGCClusters:0]]
[2020.02.12-19.41.50:948][  0]LogConfig: Setting CVar [[gc.MinGCClusterSize:5]]
[2020.02.12-19.41.50:948][  0]LogConfig: Setting CVar [[gc.ActorClusteringEnabled:0]]
[2020.02.12-19.41.50:948][  0]LogConfig: Setting CVar [[gc.BlueprintClusteringEnabled:0]]
[2020.02.12-19.41.50:948][  0]LogConfig: Setting CVar [[gc.UseDisregardForGCOnDedicatedServers:0]]
[2020.02.12-19.41.50:948][  0]LogConfig: Applying CVar settings from Section [/Script/Engine.NetworkSettings] File [D:/Users/marti/Documents/Unreal Projects/JourneymanMechanics/Saved/Config/Windows/Engine.ini]
[2020.02.12-19.41.50:948][  0]LogConfig: Applying CVar settings from Section [/Script/UnrealEd.CookerSettings] File [D:/Users/marti/Documents/Unreal Projects/JourneymanMechanics/Saved/Config/Windows/Engine.ini]
[2020.02.12-19.41.50:953][  0]LogConfig: Applying CVar settings from Section [ViewDistanceQuality@3] File [D:/Users/marti/Documents/Unreal Projects/JourneymanMechanics/Saved/Config/Windows/Scalability.ini]
[2020.02.12-19.41.50:953][  0]LogConfig: Setting CVar [[r.SkeletalMeshLODBias:0]]
[2020.02.12-19.41.50:953][  0]LogConfig: Setting CVar [[r.ViewDistanceScale:1.0]]
[2020.02.12-19.41.50:953][  0]LogConfig: Applying CVar settings from Section [AntiAliasingQuality@3] File [D:/Users/marti/Documents/Unreal Projects/JourneymanMechanics/Saved/Config/Windows/Scalability.ini]
[2020.02.12-19.41.50:953][  0]LogConfig: Setting CVar [[r.PostProcessAAQuality:4]]
[2020.02.12-19.41.50:953][  0]LogConfig: Applying CVar settings from Section [ShadowQuality@3] File [D:/Users/marti/Documents/Unreal Projects/JourneymanMechanics/Saved/Config/Windows/Scalability.ini]
[2020.02.12-19.41.50:953][  0]LogConfig: Setting CVar [[r.LightFunctionQuality:1]]
[2020.02.12-19.41.50:953][  0]LogConfig: Setting CVar [[r.ShadowQuality:5]]
[2020.02.12-19.41.50:953][  0]LogConfig: Setting CVar [[r.Shadow.CSM.MaxCascades:10]]
[2020.02.12-19.41.50:953][  0]LogConfig: Setting CVar [[r.Shadow.MaxResolution:2048]]
[2020.02.12-19.41.50:953][  0]LogConfig: Setting CVar [[r.Shadow.MaxCSMResolution:2048]]
[2020.02.12-19.41.50:953][  0]LogConfig: Setting CVar [[r.Shadow.RadiusThreshold:0.01]]
[2020.02.12-19.41.50:953][  0]LogConfig: Setting CVar [[r.Shadow.DistanceScale:1.0]]
[2020.02.12-19.41.50:953][  0]LogConfig: Setting CVar [[r.Shadow.CSM.TransitionScale:1.0]]
[2020.02.12-19.41.50:953][  0]LogConfig: Setting CVar [[r.Shadow.PreShadowResolutionFactor:1.0]]
[2020.02.12-19.41.50:953][  0]LogConfig: Setting CVar [[r.DistanceFieldShadowing:1]]
[2020.02.12-19.41.50:953][  0]LogConfig: Setting CVar [[r.DistanceFieldAO:1]]
[2020.02.12-19.41.50:953][  0]LogConfig: Setting CVar [[r.AOQuality:2]]
[2020.02.12-19.41.50:953][  0]LogConfig: Setting CVar [[r.VolumetricFog:1]]
[2020.02.12-19.41.50:953][  0]LogConfig: Setting CVar [[r.VolumetricFog.GridPixelSize:8]]
[2020.02.12-19.41.50:953][  0]LogConfig: Setting CVar [[r.VolumetricFog.GridSizeZ:128]]
[2020.02.12-19.41.50:953][  0]LogConfig: Setting CVar [[r.VolumetricFog.HistoryMissSupersampleCount:4]]
[2020.02.12-19.41.50:953][  0]LogConfig: Setting CVar [[r.LightMaxDrawDistanceScale:1]]
[2020.02.12-19.41.50:953][  0]LogConfig: Setting CVar [[r.CapsuleShadows:1]]
[2020.02.12-19.41.50:953][  0]LogConfig: Applying CVar settings from Section [PostProcessQuality@3] File [D:/Users/marti/Documents/Unreal Projects/JourneymanMechanics/Saved/Config/Windows/Scalability.ini]
[2020.02.12-19.41.50:953][  0]LogConfig: Setting CVar [[r.MotionBlurQuality:4]]
[2020.02.12-19.41.50:953][  0]LogConfig: Setting CVar [[r.AmbientOcclusionMipLevelFactor:0.4]]
[2020.02.12-19.41.50:953][  0]LogConfig: Setting CVar [[r.AmbientOcclusionMaxQuality:100]]
[2020.02.12-19.41.50:953][  0]LogConfig: Setting CVar [[r.AmbientOcclusionLevels:-1]]
[2020.02.12-19.41.50:953][  0]LogConfig: Setting CVar [[r.AmbientOcclusionRadiusScale:1.0]]
[2020.02.12-19.41.50:953][  0]LogConfig: Setting CVar [[r.DepthOfFieldQuality:2]]
[2020.02.12-19.41.50:953][  0]LogConfig: Setting CVar [[r.RenderTargetPoolMin:400]]
[2020.02.12-19.41.50:953][  0]LogConfig: Setting CVar [[r.LensFlareQuality:2]]
[2020.02.12-19.41.50:953][  0]LogConfig: Setting CVar [[r.SceneColorFringeQuality:1]]
[2020.02.12-19.41.50:953][  0]LogConfig: Setting CVar [[r.EyeAdaptationQuality:2]]
[2020.02.12-19.41.50:953][  0]LogConfig: Setting CVar [[r.BloomQuality:5]]
[2020.02.12-19.41.50:953][  0]LogConfig: Setting CVar [[r.FastBlurThreshold:100]]
[2020.02.12-19.41.50:953][  0]LogConfig: Setting CVar [[r.Upscale.Quality:3]]
[2020.02.12-19.41.50:953][  0]LogConfig: Setting CVar [[r.Tonemapper.GrainQuantization:1]]
[2020.02.12-19.41.50:953][  0]LogConfig: Setting CVar [[r.LightShaftQuality:1]]
[2020.02.12-19.41.50:953][  0]LogConfig: Setting CVar [[r.Filter.SizeScale:1]]
[2020.02.12-19.41.50:953][  0]LogConfig: Setting CVar [[r.Tonemapper.Quality:5]]
[2020.02.12-19.41.50:953][  0]LogConfig: Setting CVar [[r.DOF.Gather.AccumulatorQuality:1        ; higher gathering accumulator quality]]
[2020.02.12-19.41.50:953][  0]LogConfig: Setting CVar [[r.DOF.Gather.PostfilterMethod:1          ; Median3x3 postfilering method]]
[2020.02.12-19.41.50:953][  0]LogConfig: Setting CVar [[r.DOF.Gather.EnableBokehSettings:0       ; no bokeh simulation when gathering]]
[2020.02.12-19.41.50:953][  0]LogConfig: Setting CVar [[r.DOF.Gather.RingCount:4                 ; medium number of samples when gathering]]
[2020.02.12-19.41.50:953][  0]LogConfig: Setting CVar [[r.DOF.Scatter.ForegroundCompositing:1    ; additive foreground scattering]]
[2020.02.12-19.41.50:953][  0]LogConfig: Setting CVar [[r.DOF.Scatter.BackgroundCompositing:2    ; additive background scattering]]
[2020.02.12-19.41.50:953][  0]LogConfig: Setting CVar [[r.DOF.Scatter.EnableBokehSettings:1      ; bokeh simulation when scattering]]
[2020.02.12-19.41.50:953][  0]LogConfig: Setting CVar [[r.DOF.Scatter.MaxSpriteRatio:0.1         ; only a maximum of 10% of scattered bokeh]]
[2020.02.12-19.41.50:953][  0]LogConfig: Setting CVar [[r.DOF.Recombine.Quality:1                ; cheap slight out of focus]]
[2020.02.12-19.41.50:953][  0]LogConfig: Setting CVar [[r.DOF.Recombine.EnableBokehSettings:0    ; no bokeh simulation on slight out of focus]]
[2020.02.12-19.41.50:953][  0]LogConfig: Setting CVar [[r.DOF.TemporalAAQuality:1                ; more stable temporal accumulation]]
[2020.02.12-19.41.50:953][  0]LogConfig: Setting CVar [[r.DOF.Kernel.MaxForegroundRadius:0.025]]
[2020.02.12-19.41.50:953][  0]LogConfig: Setting CVar [[r.DOF.Kernel.MaxBackgroundRadius:0.025]]
[2020.02.12-19.41.50:953][  0]LogConfig: Applying CVar settings from Section [TextureQuality@3] File [D:/Users/marti/Documents/Unreal Projects/JourneymanMechanics/Saved/Config/Windows/Scalability.ini]
[2020.02.12-19.41.50:953][  0]LogConfig: Setting CVar [[r.Streaming.MipBias:0]]
[2020.02.12-19.41.50:953][  0]LogConfig: Setting CVar [[r.Streaming.AmortizeCPUToGPUCopy:0]]
[2020.02.12-19.41.50:953][  0]LogConfig: Setting CVar [[r.Streaming.MaxNumTexturesToStreamPerFrame:0]]
[2020.02.12-19.41.50:953][  0]LogConfig: Setting CVar [[r.Streaming.Boost:1]]
[2020.02.12-19.41.50:953][  0]LogConfig: Setting CVar [[r.MaxAnisotropy:8]]
[2020.02.12-19.41.50:953][  0]LogConfig: Setting CVar [[r.Streaming.LimitPoolSizeToVRAM:0]]
[2020.02.12-19.41.50:953][  0]LogConfig: Setting CVar [[r.Streaming.PoolSize:1000]]
[2020.02.12-19.41.50:953][  0]LogConfig: Setting CVar [[r.Streaming.MaxEffectiveScreenSize:0]]
[2020.02.12-19.41.50:953][  0]LogConfig: Applying CVar settings from Section [EffectsQuality@3] File [D:/Users/marti/Documents/Unreal Projects/JourneymanMechanics/Saved/Config/Windows/Scalability.ini]
[2020.02.12-19.41.50:953][  0]LogConfig: Setting CVar [[r.TranslucencyLightingVolumeDim:64]]
[2020.02.12-19.41.50:953][  0]LogConfig: Setting CVar [[r.RefractionQuality:2]]
[2020.02.12-19.41.50:953][  0]LogConfig: Setting CVar [[r.SSR.Quality:3]]
[2020.02.12-19.41.50:954][  0]LogConfig: Setting CVar [[r.SceneColorFormat:4]]
[2020.02.12-19.41.50:954][  0]LogConfig: Setting CVar [[r.DetailMode:2]]
[2020.02.12-19.41.50:954][  0]LogConfig: Setting CVar [[r.TranslucencyVolumeBlur:1]]
[2020.02.12-19.41.50:954][  0]LogConfig: Setting CVar [[r.MaterialQualityLevel:1 ; High quality]]
[2020.02.12-19.41.50:954][  0]LogConfig: Setting CVar [[r.SSS.Scale:1]]
[2020.02.12-19.41.50:954][  0]LogConfig: Setting CVar [[r.SSS.SampleSet:2]]
[2020.02.12-19.41.50:954][  0]LogConfig: Setting CVar [[r.SSS.Quality:1]]
[2020.02.12-19.41.50:954][  0]LogConfig: Setting CVar [[r.SSS.HalfRes:1]]
[2020.02.12-19.41.50:954][  0]LogConfig: Setting CVar [[r.EmitterSpawnRateScale:1.0]]
[2020.02.12-19.41.50:954][  0]LogConfig: Setting CVar [[r.ParticleLightQuality:2]]
[2020.02.12-19.41.50:954][  0]LogConfig: Applying CVar settings from Section [FoliageQuality@3] File [D:/Users/marti/Documents/Unreal Projects/JourneymanMechanics/Saved/Config/Windows/Scalability.ini]
[2020.02.12-19.41.50:954][  0]LogConfig: Setting CVar [[foliage.DensityScale:1.0]]
[2020.02.12-19.41.50:954][  0]LogConfig: Setting CVar [[grass.DensityScale:1.0]]
[2020.02.12-19.41.50:954][  0]LogInit: Selected Device Profile: [Windows]
[2020.02.12-19.41.50:954][  0]LogInit: Applying CVar settings loaded from the selected device profile: [Windows]
[2020.02.12-19.41.50:973][  0]LogHAL: Display: Platform has ~ 8 GB [8508895232 / 8589934592 / 8], which maps to Default [LargestMinGB=32, LargerMinGB=12, DefaultMinGB=8, SmallerMinGB=6, SmallestMinGB=0)
[2020.02.12-19.41.50:973][  0]LogConfig: Setting CVar [[r.Vulkan.UseRealUBs:1]]
[2020.02.12-19.41.50:973][  0]LogInit: Going up to parent DeviceProfile []
[2020.02.12-19.41.50:973][  0]LogConfig: Applying CVar settings from Section [ViewDistanceQuality@3] File [D:/Users/marti/Documents/Unreal Projects/JourneymanMechanics/Saved/Config/Windows/Scalability.ini]
[2020.02.12-19.41.50:973][  0]LogConfig: Setting CVar [[r.SkeletalMeshLODBias:0]]
[2020.02.12-19.41.50:973][  0]LogConfig: Setting CVar [[r.ViewDistanceScale:1.0]]
[2020.02.12-19.41.50:973][  0]LogConfig: Applying CVar settings from Section [AntiAliasingQuality@3] File [D:/Users/marti/Documents/Unreal Projects/JourneymanMechanics/Saved/Config/Windows/Scalability.ini]
[2020.02.12-19.41.50:973][  0]LogConfig: Setting CVar [[r.PostProcessAAQuality:4]]
[2020.02.12-19.41.50:973][  0]LogConfig: Applying CVar settings from Section [ShadowQuality@3] File [D:/Users/marti/Documents/Unreal Projects/JourneymanMechanics/Saved/Config/Windows/Scalability.ini]
[2020.02.12-19.41.50:973][  0]LogConfig: Setting CVar [[r.LightFunctionQuality:1]]
[2020.02.12-19.41.50:973][  0]LogConfig: Setting CVar [[r.ShadowQuality:5]]
[2020.02.12-19.41.50:973][  0]LogConfig: Setting CVar [[r.Shadow.CSM.MaxCascades:10]]
[2020.02.12-19.41.50:973][  0]LogConfig: Setting CVar [[r.Shadow.MaxResolution:2048]]
[2020.02.12-19.41.50:973][  0]LogConfig: Setting CVar [[r.Shadow.MaxCSMResolution:2048]]
[2020.02.12-19.41.50:973][  0]LogConfig: Setting CVar [[r.Shadow.RadiusThreshold:0.01]]
[2020.02.12-19.41.50:973][  0]LogConfig: Setting CVar [[r.Shadow.DistanceScale:1.0]]
[2020.02.12-19.41.50:973][  0]LogConfig: Setting CVar [[r.Shadow.CSM.TransitionScale:1.0]]
[2020.02.12-19.41.50:973][  0]LogConfig: Setting CVar [[r.Shadow.PreShadowResolutionFactor:1.0]]
[2020.02.12-19.41.50:973][  0]LogConfig: Setting CVar [[r.DistanceFieldShadowing:1]]
[2020.02.12-19.41.50:973][  0]LogConfig: Setting CVar [[r.DistanceFieldAO:1]]
[2020.02.12-19.41.50:973][  0]LogConfig: Setting CVar [[r.AOQuality:2]]
[2020.02.12-19.41.50:973][  0]LogConfig: Setting CVar [[r.VolumetricFog:1]]
[2020.02.12-19.41.50:973][  0]LogConfig: Setting CVar [[r.VolumetricFog.GridPixelSize:8]]
[2020.02.12-19.41.50:973][  0]LogConfig: Setting CVar [[r.VolumetricFog.GridSizeZ:128]]
[2020.02.12-19.41.50:973][  0]LogConfig: Setting CVar [[r.VolumetricFog.HistoryMissSupersampleCount:4]]
[2020.02.12-19.41.50:973][  0]LogConfig: Setting CVar [[r.LightMaxDrawDistanceScale:1]]
[2020.02.12-19.41.50:973][  0]LogConfig: Setting CVar [[r.CapsuleShadows:1]]
[2020.02.12-19.41.50:973][  0]LogConfig: Applying CVar settings from Section [PostProcessQuality@3] File [D:/Users/marti/Documents/Unreal Projects/JourneymanMechanics/Saved/Config/Windows/Scalability.ini]
[2020.02.12-19.41.50:973][  0]LogConfig: Setting CVar [[r.MotionBlurQuality:4]]
[2020.02.12-19.41.50:973][  0]LogConfig: Setting CVar [[r.AmbientOcclusionMipLevelFactor:0.4]]
[2020.02.12-19.41.50:973][  0]LogConfig: Setting CVar [[r.AmbientOcclusionMaxQuality:100]]
[2020.02.12-19.41.50:973][  0]LogConfig: Setting CVar [[r.AmbientOcclusionLevels:-1]]
[2020.02.12-19.41.50:973][  0]LogConfig: Setting CVar [[r.AmbientOcclusionRadiusScale:1.0]]
[2020.02.12-19.41.50:973][  0]LogConfig: Setting CVar [[r.DepthOfFieldQuality:2]]
[2020.02.12-19.41.50:973][  0]LogConfig: Setting CVar [[r.RenderTargetPoolMin:400]]
[2020.02.12-19.41.50:973][  0]LogConfig: Setting CVar [[r.LensFlareQuality:2]]
[2020.02.12-19.41.50:973][  0]LogConfig: Setting CVar [[r.SceneColorFringeQuality:1]]
[2020.02.12-19.41.50:973][  0]LogConfig: Setting CVar [[r.EyeAdaptationQuality:2]]
[2020.02.12-19.41.50:973][  0]LogConfig: Setting CVar [[r.BloomQuality:5]]
[2020.02.12-19.41.50:973][  0]LogConfig: Setting CVar [[r.FastBlurThreshold:100]]
[2020.02.12-19.41.50:973][  0]LogConfig: Setting CVar [[r.Upscale.Quality:3]]
[2020.02.12-19.41.50:973][  0]LogConfig: Setting CVar [[r.Tonemapper.GrainQuantization:1]]
[2020.02.12-19.41.50:973][  0]LogConfig: Setting CVar [[r.LightShaftQuality:1]]
[2020.02.12-19.41.50:973][  0]LogConfig: Setting CVar [[r.Filter.SizeScale:1]]
[2020.02.12-19.41.50:973][  0]LogConfig: Setting CVar [[r.Tonemapper.Quality:5]]
[2020.02.12-19.41.50:973][  0]LogConfig: Setting CVar [[r.DOF.Gather.AccumulatorQuality:1        ; higher gathering accumulator quality]]
[2020.02.12-19.41.50:973][  0]LogConfig: Setting CVar [[r.DOF.Gather.PostfilterMethod:1          ; Median3x3 postfilering method]]
[2020.02.12-19.41.50:973][  0]LogConfig: Setting CVar [[r.DOF.Gather.EnableBokehSettings:0       ; no bokeh simulation when gathering]]
[2020.02.12-19.41.50:973][  0]LogConfig: Setting CVar [[r.DOF.Gather.RingCount:4                 ; medium number of samples when gathering]]
[2020.02.12-19.41.50:973][  0]LogConfig: Setting CVar [[r.DOF.Scatter.ForegroundCompositing:1    ; additive foreground scattering]]
[2020.02.12-19.41.50:973][  0]LogConfig: Setting CVar [[r.DOF.Scatter.BackgroundCompositing:2    ; additive background scattering]]
[2020.02.12-19.41.50:973][  0]LogConfig: Setting CVar [[r.DOF.Scatter.EnableBokehSettings:1      ; bokeh simulation when scattering]]
[2020.02.12-19.41.50:973][  0]LogConfig: Setting CVar [[r.DOF.Scatter.MaxSpriteRatio:0.1         ; only a maximum of 10% of scattered bokeh]]
[2020.02.12-19.41.50:973][  0]LogConfig: Setting CVar [[r.DOF.Recombine.Quality:1                ; cheap slight out of focus]]
[2020.02.12-19.41.50:973][  0]LogConfig: Setting CVar [[r.DOF.Recombine.EnableBokehSettings:0    ; no bokeh simulation on slight out of focus]]
[2020.02.12-19.41.50:973][  0]LogConfig: Setting CVar [[r.DOF.TemporalAAQuality:1                ; more stable temporal accumulation]]
[2020.02.12-19.41.50:973][  0]LogConfig: Setting CVar [[r.DOF.Kernel.MaxForegroundRadius:0.025]]
[2020.02.12-19.41.50:973][  0]LogConfig: Setting CVar [[r.DOF.Kernel.MaxBackgroundRadius:0.025]]
[2020.02.12-19.41.50:973][  0]LogConfig: Applying CVar settings from Section [TextureQuality@3] File [D:/Users/marti/Documents/Unreal Projects/JourneymanMechanics/Saved/Config/Windows/Scalability.ini]
[2020.02.12-19.41.50:973][  0]LogConfig: Setting CVar [[r.Streaming.MipBias:0]]
[2020.02.12-19.41.50:973][  0]LogConfig: Setting CVar [[r.Streaming.AmortizeCPUToGPUCopy:0]]
[2020.02.12-19.41.50:973][  0]LogConfig: Setting CVar [[r.Streaming.MaxNumTexturesToStreamPerFrame:0]]
[2020.02.12-19.41.50:973][  0]LogConfig: Setting CVar [[r.Streaming.Boost:1]]
[2020.02.12-19.41.50:974][  0]LogConfig: Setting CVar [[r.MaxAnisotropy:8]]
[2020.02.12-19.41.50:974][  0]LogConfig: Setting CVar [[r.Streaming.LimitPoolSizeToVRAM:0]]
[2020.02.12-19.41.50:974][  0]LogConfig: Setting CVar [[r.Streaming.PoolSize:1000]]
[2020.02.12-19.41.50:974][  0]LogConfig: Setting CVar [[r.Streaming.MaxEffectiveScreenSize:0]]
[2020.02.12-19.41.50:974][  0]LogConfig: Applying CVar settings from Section [EffectsQuality@3] File [D:/Users/marti/Documents/Unreal Projects/JourneymanMechanics/Saved/Config/Windows/Scalability.ini]
[2020.02.12-19.41.50:974][  0]LogConfig: Setting CVar [[r.TranslucencyLightingVolumeDim:64]]
[2020.02.12-19.41.50:974][  0]LogConfig: Setting CVar [[r.RefractionQuality:2]]
[2020.02.12-19.41.50:974][  0]LogConfig: Setting CVar [[r.SSR.Quality:3]]
[2020.02.12-19.41.50:974][  0]LogConfig: Setting CVar [[r.SceneColorFormat:4]]
[2020.02.12-19.41.50:974][  0]LogConfig: Setting CVar [[r.DetailMode:2]]
[2020.02.12-19.41.50:974][  0]LogConfig: Setting CVar [[r.TranslucencyVolumeBlur:1]]
[2020.02.12-19.41.50:974][  0]LogConfig: Setting CVar [[r.MaterialQualityLevel:1 ; High quality]]
[2020.02.12-19.41.50:974][  0]LogConfig: Setting CVar [[r.SSS.Scale:1]]
[2020.02.12-19.41.50:974][  0]LogConfig: Setting CVar [[r.SSS.SampleSet:2]]
[2020.02.12-19.41.50:974][  0]LogConfig: Setting CVar [[r.SSS.Quality:1]]
[2020.02.12-19.41.50:974][  0]LogConfig: Setting CVar [[r.SSS.HalfRes:1]]
[2020.02.12-19.41.50:974][  0]LogConfig: Setting CVar [[r.EmitterSpawnRateScale:1.0]]
[2020.02.12-19.41.50:974][  0]LogConfig: Setting CVar [[r.ParticleLightQuality:2]]
[2020.02.12-19.41.50:974][  0]LogConfig: Applying CVar settings from Section [FoliageQuality@3] File [D:/Users/marti/Documents/Unreal Projects/JourneymanMechanics/Saved/Config/Windows/Scalability.ini]
[2020.02.12-19.41.50:974][  0]LogConfig: Setting CVar [[foliage.DensityScale:1.0]]
[2020.02.12-19.41.50:974][  0]LogConfig: Setting CVar [[grass.DensityScale:1.0]]
[2020.02.12-19.41.50:974][  0]LogConfig: Applying CVar settings from Section [Startup] File [../../../Engine/Config/ConsoleVariables.ini]
[2020.02.12-19.41.50:974][  0]LogConfig: Setting CVar [[net.UseAdaptiveNetUpdateFrequency:0]]
[2020.02.12-19.41.50:974][  0]LogConfig: Applying CVar settings from Section [ConsoleVariables] File [D:/Users/marti/Documents/Unreal Projects/JourneymanMechanics/Saved/Config/Windows/Engine.ini]
[2020.02.12-19.41.50:974][  0]LogInit: Computer: DESKTOP-L8UQ53K
[2020.02.12-19.41.50:974][  0]LogInit: User: marti
[2020.02.12-19.41.50:974][  0]LogInit: CPU Page size=4096, Cores=6
[2020.02.12-19.41.50:974][  0]LogInit: High frequency timer resolution =10.000000 MHz
[2020.02.12-19.41.50:974][  0]LogMemory: Memory total: Physical=7.9GB (8GB approx)
[2020.02.12-19.41.50:974][  0]LogMemory: Platform Memory Stats for Windows
[2020.02.12-19.41.50:974][  0]LogMemory: Process Physical Memory: 106.49 MB used, 106.49 MB peak
[2020.02.12-19.41.50:974][  0]LogMemory: Process Virtual Memory: 88.83 MB used, 88.83 MB peak
[2020.02.12-19.41.50:974][  0]LogMemory: Physical Memory: 6668.32 MB used,  1446.39 MB free, 8114.71 MB total
[2020.02.12-19.41.50:974][  0]LogMemory: Virtual Memory: 4631.56 MB used,  134213096.00 MB free, 134217728.00 MB total
[2020.02.12-19.41.50:991][  0]LogInit: Using OS detected language (en-GB).
[2020.02.12-19.41.50:991][  0]LogInit: Using OS detected locale (en-GB).
[2020.02.12-19.41.50:992][  0]LogTextLocalizationManager: No specific localization for 'en-GB' exists, so the 'en' localization will be used.
[2020.02.12-19.41.51:300][  0]LogStreaming: Display: Took  0.310s to InitEngineTextLocalization.
[2020.02.12-19.41.51:301][  0]LogInit: Setting process to per monitor DPI aware
[2020.02.12-19.41.51:326][  0]LogSlate: New Slate User Created.  User Index 0, Is Virtual User: 0
[2020.02.12-19.41.51:326][  0]LogSlate: Slate User Registered.  User Index 0, Is Virtual User: 0
[2020.02.12-19.41.51:522][  0]LogHMD: Failed to initialize OpenVR with code 126
[2020.02.12-19.41.51:522][  0]LogD3D11RHI: D3D11 adapters:
[2020.02.12-19.41.51:581][  0]LogD3D11RHI:    0. 'NVIDIA GeForce GTX 1650' (Feature Level 11_0)
[2020.02.12-19.41.51:581][  0]LogD3D11RHI:       3962/0/4057 MB DedicatedVideo/DedicatedSystem/SharedSystem, Outputs:2, VendorId:0x10de
[2020.02.12-19.41.51:583][  0]LogD3D11RHI:    1. 'Microsoft Basic Render Driver' (Feature Level 11_0)
[2020.02.12-19.41.51:583][  0]LogD3D11RHI:       0/0/4057 MB DedicatedVideo/DedicatedSystem/SharedSystem, Outputs:0, VendorId:0x1414
[2020.02.12-19.41.51:583][  0]LogD3D11RHI: Chosen D3D11 Adapter: 0
[2020.02.12-19.41.51:590][  0]LogD3D11RHI: Creating new Direct3DDevice
[2020.02.12-19.41.51:590][  0]LogD3D11RHI:     GPU DeviceId: 0x1f82 (for the marketing name, search the web for "GPU Device Id")
[2020.02.12-19.41.51:590][  0]LogWindows: EnumDisplayDevices:
[2020.02.12-19.41.51:590][  0]LogWindows:    0. 'NVIDIA GeForce GTX 1650' (P:0 D:1)
[2020.02.12-19.41.51:590][  0]LogWindows:    1. 'NVIDIA GeForce GTX 1650' (P:1 D:1)
[2020.02.12-19.41.51:591][  0]LogWindows:    2. 'NVIDIA GeForce GTX 1650' (P:0 D:0)
[2020.02.12-19.41.51:591][  0]LogWindows:    3. 'NVIDIA GeForce GTX 1650' (P:0 D:0)
[2020.02.12-19.41.51:591][  0]LogWindows: DebugString: FoundDriverCount:4 
[2020.02.12-19.41.51:591][  0]LogD3D11RHI:     Adapter Name: NVIDIA GeForce GTX 1650
[2020.02.12-19.41.51:591][  0]LogD3D11RHI:   Driver Version: 441.41 (internal:26.21.14.4141, unified:441.41)
[2020.02.12-19.41.51:591][  0]LogD3D11RHI:      Driver Date: 11-20-2019
[2020.02.12-19.41.51:591][  0]LogRHI: Texture pool is 2773 MB (70% of 3962 MB)
[2020.02.12-19.41.51:632][  0]LogD3D11RHI: Async texture creation enabled
[2020.02.12-19.41.51:648][  0]LogD3D11RHI: GPU Timing Frequency: 1000.000000 (Debug: 2 1)
[2020.02.12-19.41.52:008][  0]LogTemp: Display: Loaded TP AllDesktopTargetPlatform
[2020.02.12-19.41.52:019][  0]LogTemp: Display: Loaded TP MacClientTargetPlatform
[2020.02.12-19.41.52:031][  0]LogTemp: Display: Loaded TP MacNoEditorTargetPlatform
[2020.02.12-19.41.52:043][  0]LogTemp: Display: Loaded TP MacServerTargetPlatform
[2020.02.12-19.41.52:054][  0]LogTemp: Display: Loaded TP MacTargetPlatform
[2020.02.12-19.41.52:066][  0]LogTemp: Display: Loaded TP WindowsClientTargetPlatform
[2020.02.12-19.41.52:078][  0]LogTemp: Display: Loaded TP WindowsNoEditorTargetPlatform
[2020.02.12-19.41.52:090][  0]LogTemp: Display: Loaded TP WindowsServerTargetPlatform
[2020.02.12-19.41.52:095][  0]LogTemp: Display: Loaded TP WindowsTargetPlatform
[2020.02.12-19.41.52:167][  0]LogTemp: Display: Loaded TP AndroidTargetPlatform
[2020.02.12-19.41.52:167][  0]LogTemp: Display: Loaded TP AndroidTargetPlatform
[2020.02.12-19.41.52:167][  0]LogTemp: Display: Loaded TP AndroidTargetPlatform
[2020.02.12-19.41.52:167][  0]LogTemp: Display: Loaded TP AndroidTargetPlatform
[2020.02.12-19.41.52:167][  0]LogTemp: Display: Loaded TP AndroidTargetPlatform
[2020.02.12-19.41.52:167][  0]LogTemp: Display: Loaded TP AndroidTargetPlatform
[2020.02.12-19.41.52:167][  0]LogTemp: Display: Loaded TP AndroidTargetPlatform
[2020.02.12-19.41.52:167][  0]LogTemp: Display: Loaded TP AndroidTargetPlatform
[2020.02.12-19.41.52:167][  0]LogTemp: Display: Loaded TP AndroidTargetPlatform
[2020.02.12-19.41.52:167][  0]LogTemp: Display: Loaded TP AndroidTargetPlatform
[2020.02.12-19.41.52:167][  0]LogTemp: Display: Loaded TP AndroidTargetPlatform
[2020.02.12-19.41.52:167][  0]LogTemp: Display: Loaded TP AndroidTargetPlatform
[2020.02.12-19.41.52:167][  0]LogTemp: Display: Loaded TP AndroidTargetPlatform
[2020.02.12-19.41.52:167][  0]LogTemp: Display: Loaded TP AndroidTargetPlatform
[2020.02.12-19.41.52:167][  0]LogTemp: Display: Loaded TP AndroidTargetPlatform
[2020.02.12-19.41.52:167][  0]LogTemp: Display: Loaded TP AndroidTargetPlatform
[2020.02.12-19.41.52:167][  0]LogTemp: Display: Loaded TP AndroidTargetPlatform
[2020.02.12-19.41.52:167][  0]LogTemp: Display: Loaded TP AndroidTargetPlatform
[2020.02.12-19.41.52:168][  0]LogTemp: Display: Loaded TP HTML5TargetPlatform
[2020.02.12-19.41.52:226][  0]LogTemp: Display: Loaded TP IOSTargetPlatform
[2020.02.12-19.41.52:226][  0]LogTemp: Display: Loaded TP IOSTargetPlatform
[2020.02.12-19.41.52:250][  0]LogTemp: Display: Loaded TP TVOSTargetPlatform
[2020.02.12-19.41.52:250][  0]LogTemp: Display: Loaded TP TVOSTargetPlatform
[2020.02.12-19.41.52:261][  0]LogTemp: Display: Loaded TP LinuxClientTargetPlatform
[2020.02.12-19.41.52:273][  0]LogTemp: Display: Loaded TP LinuxNoEditorTargetPlatform
[2020.02.12-19.41.52:284][  0]LogTemp: Display: Loaded TP LinuxServerTargetPlatform
[2020.02.12-19.41.52:302][  0]LogTemp: Display: Loaded TP LinuxTargetPlatform
[2020.02.12-19.41.52:359][  0]LogTemp: Display: Loaded TP LuminTargetPlatform
[2020.02.12-19.41.52:359][  0]LogTemp: Display: Loaded TP LuminTargetPlatform
[2020.02.12-19.41.52:359][  0]LogTargetPlatformManager: Display: Building Assets For Windows
[2020.02.12-19.41.52:407][  0]LogShaderCompilers: Guid format shader working directory is -29 characters bigger than the processId version (../../../../../../Users/marti/Documents/Unreal Projects/JourneymanMechanics/Intermediate/Shaders/WorkingDirectory/2556/).
[2020.02.12-19.41.52:408][  0]LogShaderCompilers: Cleaned the shader compiler working directory 'C:/Users/marti/AppData/Local/Temp/UnrealShaderWorkingDir/8B1C247E425E7188EC177BA4B6D4E51D/'.
[2020.02.12-19.41.52:409][  0]LogXGEController: Cannot use XGE Controller as Incredibuild is not installed on this machine.
[2020.02.12-19.41.52:409][  0]LogShaderCompilers: Cannot use XGE Shader Compiler as Incredibuild is not installed on this machine.
[2020.02.12-19.41.52:410][  0]LogShaderCompilers: Display: Using Local Shader Compiler.
[2020.02.12-19.41.52:929][  0]LogDerivedDataCache: Display: Max Cache Size: 512 MB
[2020.02.12-19.41.53:013][  0]LogDerivedDataCache: Loaded boot cache 0.08s 71MB C:/Users/marti/AppData/Local/UnrealEngine/4.21/DerivedDataCache/Boot.ddc.
[2020.02.12-19.41.53:013][  0]LogDerivedDataCache: Display: Loaded Boot cache: C:/Users/marti/AppData/Local/UnrealEngine/4.21/DerivedDataCache/Boot.ddc
[2020.02.12-19.41.53:013][  0]LogDerivedDataCache: FDerivedDataBackendGraph:  Pak pak cache file ../../../../../../Users/marti/Documents/Unreal Projects/JourneymanMechanics/DerivedDataCache/DDC.ddp not found, will not use a pak cache.
[2020.02.12-19.41.53:013][  0]LogDerivedDataCache: Unable to find inner node Pak for hierarchical cache Hierarchy.
[2020.02.12-19.41.53:013][  0]LogDerivedDataCache: FDerivedDataBackendGraph:  CompressedPak pak cache file ../../../../../../Users/marti/Documents/Unreal Projects/JourneymanMechanics/DerivedDataCache/Compressed.ddp not found, will not use a pak cache.
[2020.02.12-19.41.53:013][  0]LogDerivedDataCache: Unable to find inner node CompressedPak for hierarchical cache Hierarchy.
[2020.02.12-19.41.53:028][  0]LogDerivedDataCache: Display: Pak cache opened for reading ../../../Engine/DerivedDataCache/Compressed.ddp.
[2020.02.12-19.41.53:028][  0]LogDerivedDataCache: FDerivedDataBackendGraph:  EnterprisePak pak cache file ../../../Enterprise/DerivedDataCache/Compressed.ddp not found, will not use a pak cache.
[2020.02.12-19.41.53:028][  0]LogDerivedDataCache: Unable to find inner node EnterprisePak for hierarchical cache Hierarchy.
[2020.02.12-19.41.53:044][  0]LogDerivedDataCache: Using Local data cache path C:/Users/marti/AppData/Local/UnrealEngine/Common/DerivedDataCache: Writable
[2020.02.12-19.41.53:044][  0]LogDerivedDataCache: Shared data cache path not found in *engine.ini, will not use an Shared cache.
[2020.02.12-19.41.53:044][  0]LogDerivedDataCache: Unable to find inner node Shared for hierarchical cache Hierarchy.
[2020.02.12-19.41.53:068][  0]LogMaterial: Verifying Global Shaders for PCD3D_SM5
[2020.02.12-19.41.53:069][  0]LogSlate: Using FreeType 2.6.0
[2020.02.12-19.41.53:071][  0]LogSlate: SlateFontServices - WITH_FREETYPE: 1, WITH_HARFBUZZ: 1
[2020.02.12-19.41.53:167][  0]LogAssetRegistry: FAssetRegistry took 0.0331 seconds to start up
[2020.02.12-19.41.53:445][  0]LogInit: Selected Device Profile: [Windows]
[2020.02.12-19.41.53:974][  0]LogSimplygon: Simplygon DLL not present - disabling.
[2020.02.12-19.41.54:165][  0]LogMeshReduction: Using SimplygonSwarm for distributed automatic mesh merging
[2020.02.12-19.41.54:165][  0]LogMeshReduction: Using ProxyLODMeshReduction for automatic mesh merging
[2020.02.12-19.41.54:165][  0]LogMeshReduction: Using QuadricMeshReduction for automatic static mesh reduction
[2020.02.12-19.41.54:165][  0]LogMeshReduction: No automatic skeletal mesh reduction module available
[2020.02.12-19.41.54:176][  0]LogNetVersion: JourneymanMechanics 1.0.0, NetCL: 4541578, EngineNetVer: 5, GameNetVer: 0 (Checksum: 2131259677)
[2020.02.12-19.41.54:988][  0]LogPackageLocalizationCache: Processed 12 localized package path(s) for 2 prioritized culture(s) in 0.259856 seconds
[2020.02.12-19.41.54:994][  0]LogUObjectArray: 39775 objects as part of root set at end of initial load.
[2020.02.12-19.41.54:994][  0]LogUObjectAllocator: 6914656 out of 0 bytes used by permanent object pool.
[2020.02.12-19.41.54:994][  0]LogUObjectArray: CloseDisregardForGC: 0/0 objects in disregard for GC pool
[2020.02.12-19.42.02:925][  0]LogTcpMessaging: Initializing TcpMessaging bridge
[2020.02.12-19.42.02:950][  0]LogUdpMessaging: Initializing bridge on interface 0.0.0.0:0 to multicast group 230.0.0.1:6666.
[2020.02.12-19.42.03:965][  0]SourceControl: Source control is disabled
[2020.02.12-19.42.03:966][  0]SourceControl: Source control is disabled
[2020.02.12-19.42.04:011][  0]SourceControl: Source control is disabled
[2020.02.12-19.42.04:021][  0]SourceControl: Source control is disabled
[2020.02.12-19.42.04:475][  0]LogAndroidPermission: UAndroidPermissionCallbackProxy::GetInstance
[2020.02.12-19.42.04:635][  0]LogOcInput: OculusInput pre-init called
[2020.02.12-19.42.04:747][  0]LogPython: Python Scripts search path: ../../../../../../Users/marti/Documents/Unreal Projects/JourneymanMechanics/Content/Scripts
[2020.02.12-19.42.04:747][  0]LogPython: Python Scripts search path: ../../../Engine/Plugins/UnrealEnginePython
[2020.02.12-19.42.04:747][  0]LogPython: Python VM initialized: 3.6.2 (v3.6.2:5fd33b5, Jul  8 2017, 04:57:36) [MSC v.1900 64 bit (AMD64)]
[2020.02.12-19.42.05:538][  0]LogPython: ####################----------Python Integration for Megascans Initialized----------####################
[2020.02.12-19.42.05:538][  0]LogPython: 

[2020.02.12-19.42.05:538][  0]LogPython: D:\Program Files\Epic Games\UE_4.21\Engine\Plugins\UnrealEnginePython\
[2020.02.12-19.42.05:538][  0]LogPython: 

[2020.02.12-19.42.05:791][  0]LogPython: Megascans Integration - LiveLink Initialized...
[2020.02.12-19.42.05:791][  0]LogPython: 

[2020.02.12-19.42.05:800][  0]LogPython: ue_site Python module successfully imported
[2020.02.12-19.42.06:008][  0]LogEngine: Initializing Engine...
[2020.02.12-19.42.06:038][  0]LogHMD: Failed to initialize OpenVR with code 126
[2020.02.12-19.42.06:039][  0]LogStats: UGameplayTagsManager::ConstructGameplayTagTree: ImportINI prefixes -  0.000 s
[2020.02.12-19.42.06:039][  0]LogStats: UGameplayTagsManager::ConstructGameplayTagTree: Construct from data asset -  0.000 s
[2020.02.12-19.42.06:039][  0]LogStats: UGameplayTagsManager::ConstructGameplayTagTree: ImportINI -  0.000 s
[2020.02.12-19.42.06:040][  0]LogStats: UGameplayTagsManager::ConstructGameplayTagTree: GameplayTagTreeChangedEvent.Broadcast -  0.000 s
[2020.02.12-19.42.06:240][  0]LogInit: Initializing FReadOnlyCVARCache
[2020.02.12-19.42.06:304][  0]LogAIModule: Creating AISystem for world Untitled
[2020.02.12-19.42.06:341][  0]LogInit: XAudio2 using 'C24F390 (NVIDIA High Definition Audio)' : 2 channels at 48 kHz using 16 bits per sample (channel mask 0x3)
[2020.02.12-19.42.06:361][  0]LogInit: FAudioDevice initialized.
[2020.02.12-19.42.06:361][  0]LogNetVersion: Set ProjectVersion to 1.0.0.0. Version Checksum will be recalculated on next use.
[2020.02.12-19.42.06:414][  0]LogDerivedDataCache: Saved boot cache 0.05s 71MB C:/Users/marti/AppData/Local/UnrealEngine/4.21/DerivedDataCache/Boot.ddc.
[2020.02.12-19.42.06:414][  0]LogInit: Texture streaming: Enabled
[2020.02.12-19.42.06:468][  0]LogEngineSessionManager: EngineSessionManager initialized
[2020.02.12-19.42.06:512][  0]LogInit: Transaction tracking system initialized
[2020.02.12-19.42.06:645][  0]BlueprintLog: New page: Editor Load
[2020.02.12-19.42.06:974][  0]LocalizationService: Localization service is disabled
[2020.02.12-19.42.07:882][  0]LogCook: Display: Max memory allowance for cook 16384mb min free memory 0mb
[2020.02.12-19.42.07:882][  0]LogCook: Display: Mobile HDR setting 1
[2020.02.12-19.42.07:882][  0]LogGameplayTags: Display: UGameplayTagsManager::DoneAddingNativeTags. DelegateIsBound: 0
[2020.02.12-19.42.07:882][  0]LogStats: UGameplayTagsManager::ConstructGameplayTagTree: ImportINI prefixes -  0.000 s
[2020.02.12-19.42.07:882][  0]LogStats: UGameplayTagsManager::ConstructGameplayTagTree: Construct from data asset -  0.000 s
[2020.02.12-19.42.07:882][  0]LogStats: UGameplayTagsManager::ConstructGameplayTagTree: ImportINI -  0.000 s
[2020.02.12-19.42.07:882][  0]LogStats: UGameplayTagsManager::ConstructGameplayTagTree: GameplayTagTreeChangedEvent.Broadcast -  0.000 s
[2020.02.12-19.42.07:936][  0]LogFileCache: Scanning file cache for directory 'D:/Users/marti/Documents/Unreal Projects/JourneymanMechanics/Content/' took 0.07s
[2020.02.12-19.42.09:115][  0]SourceControl: Source control is disabled
[2020.02.12-19.42.09:115][  0]Cmd: MAP LOAD FILE="../../../../../../Users/marti/Documents/Unreal Projects/JourneymanMechanics/Content/SideScrollerBP/Maps/SideScrollerExampleMap.umap" TEMPLATE=0 SHOWPROGRESS=1 FEATURELEVEL=3
[2020.02.12-19.42.09:116][  0]LightingResults: New page: Lighting Build
[2020.02.12-19.42.09:147][  0]MapCheck: New page: Map Check
[2020.02.12-19.42.09:147][  0]LightingResults: New page: Lighting Build
[2020.02.12-19.42.15:475][  0]LogAIModule: Creating AISystem for world SideScrollerExampleMap
[2020.02.12-19.42.15:519][  0]LogEditorServer: Finished looking for orphan Actors (0.000 secs)
[2020.02.12-19.42.15:549][  0]Cmd: MAP CHECKDEP NOCLEARLOG
[2020.02.12-19.42.15:549][  0]MapCheck: Map check complete: 0 Error(s), 0 Warning(s), took 0.121ms to complete.
[2020.02.12-19.42.15:549][  0]LogFileHelpers: Loading map 'SideScrollerExampleMap' took 6.434
[2020.02.12-19.42.15:655][  0]LogSlate: Updating window title bar state: overlay mode, drag disabled, window buttons hidden, title bar hidden
[2020.02.12-19.42.15:661][  0]LogSlate: Updating window title bar state: overlay mode, drag disabled, window buttons hidden, title bar hidden
[2020.02.12-19.42.15:667][  0]LogSlate: Updating window title bar state: overlay mode, drag disabled, window buttons hidden, title bar hidden
[2020.02.12-19.42.15:673][  0]LogSlate: Updating window title bar state: overlay mode, drag disabled, window buttons hidden, title bar hidden
[2020.02.12-19.42.15:687][  0]LogCollectionManager: Loaded 0 collections in 0.001259 seconds
[2020.02.12-19.42.15:710][  0]LogFileCache: Scanning file cache for directory 'D:/Users/marti/Documents/Unreal Projects/JourneymanMechanics/Saved/Collections/' took 0.01s
[2020.02.12-19.42.15:711][  0]LogFileCache: Scanning file cache for directory 'D:/Users/marti/Documents/Unreal Projects/JourneymanMechanics/Content/Developers/marti/Collections/' took 0.00s
[2020.02.12-19.42.15:711][  0]LogFileCache: Scanning file cache for directory 'D:/Users/marti/Documents/Unreal Projects/JourneymanMechanics/Content/Collections/' took 0.00s
[2020.02.12-19.42.15:711][  0]LogCollectionManager: Rebuilt the GUID cache for 0 collections in 0.000001 seconds
[2020.02.12-19.42.15:718][  0]LogContentBrowser: Native class hierarchy populated in 0.0070 seconds. Added 2679 classes and 632 folders.
[2020.02.12-19.42.15:740][  0]LogContentBrowser: Native class hierarchy updated for 'WidgetCarousel' in 0.0002 seconds. Added 0 classes and 0 folders.
[2020.02.12-19.42.15:752][  0]LogPakFile: Registered encryption key '00000000000000000000000000000000': 0 pak files mounted, 0 remain pending
[2020.02.12-19.42.15:767][  0]LogPakFile: Registered encryption key '00000000000000000000000000000000': 0 pak files mounted, 0 remain pending
[2020.02.12-19.42.15:769][  0]LogPakFile: Registered encryption key '00000000000000000000000000000000': 0 pak files mounted, 0 remain pending
[2020.02.12-19.42.15:771][  0]LogPakFile: Registered encryption key '00000000000000000000000000000000': 0 pak files mounted, 0 remain pending
[2020.02.12-19.42.15:773][  0]LogPakFile: Registered encryption key '00000000000000000000000000000000': 0 pak files mounted, 0 remain pending
[2020.02.12-19.42.15:775][  0]LogPakFile: Registered encryption key '00000000000000000000000000000000': 0 pak files mounted, 0 remain pending
[2020.02.12-19.42.15:776][  0]LogPakFile: Registered encryption key '00000000000000000000000000000000': 0 pak files mounted, 0 remain pending
[2020.02.12-19.42.15:778][  0]LogPakFile: Registered encryption key '00000000000000000000000000000000': 0 pak files mounted, 0 remain pending
[2020.02.12-19.42.15:779][  0]LogPakFile: Registered encryption key '00000000000000000000000000000000': 0 pak files mounted, 0 remain pending
[2020.02.12-19.42.15:781][  0]LogPakFile: Registered encryption key '00000000000000000000000000000000': 0 pak files mounted, 0 remain pending
[2020.02.12-19.42.15:782][  0]LogPakFile: Registered encryption key '00000000000000000000000000000000': 0 pak files mounted, 0 remain pending
[2020.02.12-19.42.15:784][  0]LogPakFile: Registered encryption key '00000000000000000000000000000000': 0 pak files mounted, 0 remain pending
[2020.02.12-19.42.15:785][  0]LogPakFile: Registered encryption key '00000000000000000000000000000000': 0 pak files mounted, 0 remain pending
[2020.02.12-19.42.15:786][  0]LogPakFile: Registered encryption key '00000000000000000000000000000000': 0 pak files mounted, 0 remain pending
[2020.02.12-19.42.15:788][  0]LogPakFile: Registered encryption key '00000000000000000000000000000000': 0 pak files mounted, 0 remain pending
[2020.02.12-19.42.15:789][  0]LogPakFile: Registered encryption key '00000000000000000000000000000000': 0 pak files mounted, 0 remain pending
[2020.02.12-19.42.15:791][  0]LogPakFile: Registered encryption key '00000000000000000000000000000000': 0 pak files mounted, 0 remain pending
[2020.02.12-19.42.15:792][  0]LogPakFile: Registered encryption key '00000000000000000000000000000000': 0 pak files mounted, 0 remain pending
[2020.02.12-19.42.15:793][  0]LogPakFile: Registered encryption key '00000000000000000000000000000000': 0 pak files mounted, 0 remain pending
[2020.02.12-19.42.15:795][  0]LogPakFile: Registered encryption key '00000000000000000000000000000000': 0 pak files mounted, 0 remain pending
[2020.02.12-19.42.15:796][  0]LogPakFile: Registered encryption key '00000000000000000000000000000000': 0 pak files mounted, 0 remain pending
[2020.02.12-19.42.15:797][  0]LogPakFile: Registered encryption key '00000000000000000000000000000000': 0 pak files mounted, 0 remain pending
[2020.02.12-19.42.15:798][  0]LogPakFile: Registered encryption key '00000000000000000000000000000000': 0 pak files mounted, 0 remain pending
[2020.02.12-19.42.15:800][  0]LogPakFile: Registered encryption key '00000000000000000000000000000000': 0 pak files mounted, 0 remain pending
[2020.02.12-19.42.15:801][  0]LogPakFile: Registered encryption key '00000000000000000000000000000000': 0 pak files mounted, 0 remain pending
[2020.02.12-19.42.15:802][  0]LogPakFile: Registered encryption key '00000000000000000000000000000000': 0 pak files mounted, 0 remain pending
[2020.02.12-19.42.16:203][  0]LogContentBrowser: Native class hierarchy updated for 'AddContentDialog' in 0.0002 seconds. Added 0 classes and 0 folders.
[2020.02.12-19.42.16:226][  0]LogContentBrowser: Native class hierarchy updated for 'SceneOutliner' in 0.0002 seconds. Added 1 classes and 2 folders.
[2020.02.12-19.42.16:316][  0]LogContentBrowser: Native class hierarchy updated for 'WorldBrowser' in 0.0002 seconds. Added 2 classes and 3 folders.
[2020.02.12-19.42.16:352][  0]LogSlate: Took 0.005073 seconds to synchronously load lazily loaded font '../../../Engine/Content/Slate/Fonts/Roboto-Regular.ttf' (155K)
[2020.02.12-19.42.16:363][  0]LogSlate: Took 0.010564 seconds to synchronously load lazily loaded font '../../../Engine/Content/Slate/Fonts/Roboto-Bold.ttf' (160K)
[2020.02.12-19.42.16:377][  0]LogSlate: Took 0.010380 seconds to synchronously load lazily loaded font '../../../Engine/Content/Editor/Slate/Fonts/FontAwesome.ttf' (139K)
[2020.02.12-19.42.16:455][  0]LogRenderer: Reallocating scene render targets to support 1164x684 Format 10 NumSamples 1 (Frame:1).
[2020.02.12-19.42.16:595][  0]LogContentBrowser: Native class hierarchy updated for 'HierarchicalLODOutliner' in 0.0002 seconds. Added 0 classes and 0 folders.
[2020.02.12-19.42.16:595][  0]LogLoad: (Engine Initialization) Total time: 28.23 seconds
[2020.02.12-19.42.16:595][  0]LogLoad: (Engine Initialization) Total Blueprint compile time: 0.00 seconds
[2020.02.12-19.42.16:675][  0]LogContentStreaming: Texture pool size now 1000 MB
[2020.02.12-19.42.16:892][  4]LogPython: tcp server spawned on 127.0.0.1:13428
[2020.02.12-19.42.17:174][  8]LogAssetRegistry: Asset discovery search completed in 24.0299 seconds
[2020.02.12-19.42.17:176][  8]LogCollectionManager: Rebuilt the object cache for 0 collections in 0.000000 seconds (found 0 objects)
[2020.02.12-19.42.17:176][  8]LogCollectionManager: Fixed up redirectors for 0 collections in 0.000049 seconds (updated 0 objects)
[2020.02.12-19.42.19:821][ 16]LogSlate: FSceneViewport::OnFocusLost() reason 0
[2020.02.12-19.42.19:821][ 16]LogSlate: Window 'Plugins' being destroyed
[2020.02.12-19.42.19:826][ 16]LogSlate: Window 'Plugins' being destroyed
[2020.02.12-19.42.19:826][ 16]LogDirectoryWatcher: A directory notification for '../../../Engine/Plugins/' was aborted.
[2020.02.12-19.42.20:700][103]LogSlate: Took 0.000847 seconds to synchronously load lazily loaded font '../../../Engine/Content/Slate/Fonts/Roboto-Light.ttf' (167K)
[2020.02.12-19.42.22:452][294]LogSlate: FSceneViewport::OnFocusLost() reason 0
[2020.02.12-19.42.22:612][312]LogBlueprint: Warning: [Compiler LewisGUY] InputAction Event references unknown Action 'Jump' for  InputAction Jump
[2020.02.12-19.42.22:615][312]LogBlueprint: Warning: [Compiler LewisGUY] [0034.25] Compile of LewisGUY successful, but with 1 Warning(s) [in 6 ms] (/Game/TeamFolders/Lewis/LewisGUY.LewisGUY)
[2020.02.12-19.42.22:617][312]LogBlueprint: Warning: FMemberReference::ResolveMember (K2_DestroyActor) bSelfContext == true, but no scope supplied!
[2020.02.12-19.42.22:624][312]LogSlate: Took 0.000170 seconds to synchronously load lazily loaded font '../../../Engine/Content/Slate/Fonts/Roboto-Light.ttf' (167K)
[2020.02.12-19.42.22:633][312]LogAssetEditorManager: Opening Asset editor for Blueprint /Game/TeamFolders/Lewis/BP_BreakableCube_LT_001.BP_BreakableCube_LT_001
[2020.02.12-19.42.24:948][312]LogSlate: Window 'Message' being destroyed
[2020.02.12-19.42.34:490][430]LogBlueprint: Warning: FMemberReference::ResolveMember (K2_DestroyActor) bSelfContext == true, but no scope supplied!
[2020.02.12-19.42.38:052][834]LogSlate: FSceneViewport::OnFocusLost() reason 0
[2020.02.12-19.42.38:110][841]LogTemp: Repeating last play command: Selected Viewport
[2020.02.12-19.42.38:125][841]LogBlueprintUserMessages: Early PlayInEditor Detection: Level '/Game/SideScrollerBP/Maps/SideScrollerExampleMap.SideScrollerExampleMap:PersistentLevel' has LevelScriptBlueprint '/Game/SideScrollerBP/Maps/SideScrollerExampleMap.SideScrollerExampleMap:PersistentLevel.SideScrollerExampleMap' with GeneratedClass '/Game/SideScrollerBP/Maps/SideScrollerExampleMap.SideScrollerExampleMap_C' with ClassGeneratedBy '/Game/SideScrollerBP/Maps/SideScrollerExampleMap.SideScrollerExampleMap:PersistentLevel.SideScrollerExampleMap'
[2020.02.12-19.42.38:126][841]LogPlayLevel: PlayLevel: No blueprints needed recompiling
[2020.02.12-19.42.38:126][841]PIE: New page: PIE session: SideScrollerExampleMap (12 Feb 2020 19:42:38)
[2020.02.12-19.42.38:138][841]LogPlayLevel: Creating play world package: /Game/SideScrollerBP/Maps/UEDPIE_0_SideScrollerExampleMap
[2020.02.12-19.42.38:157][841]LogPlayLevel: PIE: StaticDuplicateObject took: (0.019274s)
[2020.02.12-19.42.38:158][841]LogAIModule: Creating AISystem for world SideScrollerExampleMap
[2020.02.12-19.42.38:158][841]LogPlayLevel: PIE: World Init took: (0.000761s)
[2020.02.12-19.42.38:158][841]LogPlayLevel: PIE: Created PIE world by copying editor world from /Game/SideScrollerBP/Maps/SideScrollerExampleMap.SideScrollerExampleMap to /Game/SideScrollerBP/Maps/UEDPIE_0_SideScrollerExampleMap.SideScrollerExampleMap (0.020348s)
[2020.02.12-19.42.38:213][841]LogInit: XAudio2 using 'C24F390 (NVIDIA High Definition Audio)' : 2 channels at 48 kHz using 16 bits per sample (channel mask 0x3)
[2020.02.12-19.42.38:224][841]LogInit: FAudioDevice initialized.
[2020.02.12-19.42.38:281][841]LogLoad: Game class is 'SideScrollerGameMode_C'
[2020.02.12-19.42.38:284][841]LogOutputDevice: Warning: 

Script Stack (0 frames):

[2020.02.12-19.42.38:729][841]LogStats: FPlatformStackWalk::StackWalkAndDump -  0.444 s
[2020.02.12-19.42.38:729][841]LogOutputDevice: Error: === Handled ensure: ===
[2020.02.12-19.42.38:729][841]LogOutputDevice: Error: 
[2020.02.12-19.42.38:729][841]LogOutputDevice: Error: Ensure condition failed: Cast<APawn>(NewUpdatedComponent->GetOwner()) [File:D:\Build\++UE4\Sync\Engine\Source\Runtime\Engine\Private\Components\PawnMovementComponent.cpp] [Line: 18]
[2020.02.12-19.42.38:729][841]LogOutputDevice: Error: FloatingPawnMovement must update a component owned by a Pawn
[2020.02.12-19.42.38:729][841]LogOutputDevice: Error: Stack: 
[2020.02.12-19.42.38:729][841]LogOutputDevice: Error: [Callstack] 0x00007ffd30aa1725 UE4Editor-Engine.dll!UnknownFunction []
[2020.02.12-19.42.38:729][841]LogOutputDevice: Error: [Callstack] 0x00007ffd30a8da0b UE4Editor-Engine.dll!UnknownFunction []
[2020.02.12-19.42.38:729][841]LogOutputDevice: Error: [Callstack] 0x00007ffd309fddf3 UE4Editor-Engine.dll!UnknownFunction []
[2020.02.12-19.42.38:729][841]LogOutputDevice: Error: [Callstack] 0x00007ffd30a2861a UE4Editor-Engine.dll!UnknownFunction []
[2020.02.12-19.42.38:729][841]LogOutputDevice: Error: [Callstack] 0x00007ffd305d53e1 UE4Editor-Engine.dll!UnknownFunction []
[2020.02.12-19.42.38:729][841]LogOutputDevice: Error: [Callstack] 0x00007ffd30ef15a2 UE4Editor-Engine.dll!UnknownFunction []
[2020.02.12-19.42.38:729][841]LogOutputDevice: Error: [Callstack] 0x00007ffd319f0053 UE4Editor-Engine.dll!UnknownFunction []
[2020.02.12-19.42.38:729][841]LogOutputDevice: Error: [Callstack] 0x00007ffd319c7534 UE4Editor-Engine.dll!UnknownFunction []
[2020.02.12-19.42.38:729][841]LogOutputDevice: Error: [Callstack] 0x00007ffd30d5c067 UE4Editor-Engine.dll!UnknownFunction []
[2020.02.12-19.42.38:729][841]LogOutputDevice: Error: [Callstack] 0x00007ffd2d39ac89 UE4Editor-UnrealEd.dll!UnknownFunction []
[2020.02.12-19.42.38:729][841]LogOutputDevice: Error: [Callstack] 0x00007ffd2d3bb350 UE4Editor-UnrealEd.dll!UnknownFunction []
[2020.02.12-19.42.38:729][841]LogOutputDevice: Error: [Callstack] 0x00007ffd2d3d92e6 UE4Editor-UnrealEd.dll!UnknownFunction []
[2020.02.12-19.42.38:729][841]LogOutputDevice: Error: [Callstack] 0x00007ffd2cdd1891 UE4Editor-UnrealEd.dll!UnknownFunction []
[2020.02.12-19.42.38:729][841]LogOutputDevice: Error: [Callstack] 0x00007ffd2d6f2346 UE4Editor-UnrealEd.dll!UnknownFunction []
[2020.02.12-19.42.38:729][841]LogOutputDevice: Error: [Callstack] 0x00007ff693c46225 UE4Editor.exe!UnknownFunction []
[2020.02.12-19.42.38:729][841]LogOutputDevice: Error: [Callstack] 0x00007ff693c5596c UE4Editor.exe!UnknownFunction []
[2020.02.12-19.42.38:729][841]LogOutputDevice: Error: [Callstack] 0x00007ff693c559ea UE4Editor.exe!UnknownFunction []
[2020.02.12-19.42.38:729][841]LogOutputDevice: Error: [Callstack] 0x00007ff693c648da UE4Editor.exe!UnknownFunction []
[2020.02.12-19.42.38:729][841]LogOutputDevice: Error: [Callstack] 0x00007ff693c6659a UE4Editor.exe!UnknownFunction []
[2020.02.12-19.42.38:729][841]LogOutputDevice: Error: [Callstack] 0x00007ffd9fe97bd4 KERNEL32.DLL!UnknownFunction []
[2020.02.12-19.42.38:729][841]LogOutputDevice: Error: [Callstack] 0x00007ffda09aced1 ntdll.dll!UnknownFunction []
[2020.02.12-19.42.38:729][841]LogOutputDevice: Error: 
[2020.02.12-19.42.38:730][841]LogStats:                SubmitErrorReport -  0.000 s
[2020.02.12-19.42.43:447][841]LogStats:                    SendNewReport -  4.717 s
[2020.02.12-19.42.43:447][841]LogStats:             FDebug::EnsureFailed -  5.164 s
[2020.02.12-19.42.43:451][841]LogWorld: Bringing World /Game/SideScrollerBP/Maps/UEDPIE_0_SideScrollerExampleMap.SideScrollerExampleMap up for play (max tick rate 0) at 2020.02.12-19.42.43
[2020.02.12-19.42.43:452][841]LogWorld: Bringing up level for play took: 5.169279
[2020.02.12-19.42.43:483][841]LogContentBrowser: Native class hierarchy updated for 'MovieSceneCapture' in 0.0003 seconds. Added 20 classes and 0 folders.
[2020.02.12-19.42.43:485][841]PIE: Play in editor start time for /Game/SideScrollerBP/Maps/UEDPIE_0_SideScrollerExampleMap 5.567
[2020.02.12-19.42.43:485][841]LogBlueprintUserMessages: Late PlayInEditor Detection: Level '/Game/SideScrollerBP/Maps/SideScrollerExampleMap.SideScrollerExampleMap:PersistentLevel' has LevelScriptBlueprint '/Game/SideScrollerBP/Maps/SideScrollerExampleMap.SideScrollerExampleMap:PersistentLevel.SideScrollerExampleMap' with GeneratedClass '/Game/SideScrollerBP/Maps/SideScrollerExampleMap.SideScrollerExampleMap_C' with ClassGeneratedBy '/Game/SideScrollerBP/Maps/SideScrollerExampleMap.SideScrollerExampleMap:PersistentLevel.SideScrollerExampleMap'
[2020.02.12-19.42.44:035][863]LogBlueprintUserMessages: [SideScrollerCharacter_78] Cannot switch while overlapping
[2020.02.12-19.42.44:599][931]LogBlueprintUserMessages: [SideScrollerCharacter_78] Cannot switch while overlapping
[2020.02.12-19.42.44:809][956]LogBlueprintUserMessages: [SideScrollerCharacter_78] Cannot switch while overlapping
[2020.02.12-19.42.46:691][182]LogBlueprintUserMessages: [SideScrollerCharacter_78] Cannot switch while overlapping
[2020.02.12-19.42.47:801][315]LogBlueprintUserMessages: [SideScrollerCharacter_78] Cannot switch while overlapping
[2020.02.12-19.42.48:450][393]LogBlueprintUserMessages: [SideScrollerCharacter_78] Cannot switch while overlapping
[2020.02.12-19.42.48:758][430]LogBlueprintUserMessages: [SideScrollerCharacter_78] Cannot switch while overlapping
[2020.02.12-19.42.49:125][474]LogBlueprintUserMessages: [SideScrollerCharacter_78] Cannot switch while overlapping
[2020.02.12-19.42.49:567][527]LogBlueprintUserMessages: [SideScrollerCharacter_78] Cannot switch while overlapping
[2020.02.12-19.42.49:926][570]LogBlueprintUserMessages: [SideScrollerCharacter_78] Cannot switch while overlapping
[2020.02.12-19.42.50:092][590]LogBlueprintUserMessages: [SideScrollerCharacter_78] Cannot switch while overlapping
[2020.02.12-19.42.52:699][901]LogBlueprintUserMessages: [SideScrollerCharacter_78] Cannot switch while overlapping
[2020.02.12-19.42.52:907][926]LogBlueprintUserMessages: [SideScrollerCharacter_78] Cannot switch while overlapping
[2020.02.12-19.42.53:040][942]LogBlueprintUserMessages: [SideScrollerCharacter_78] Cannot switch while overlapping
[2020.02.12-19.42.53:140][954]LogBlueprintUserMessages: [SideScrollerCharacter_78] Cannot switch while overlapping
[2020.02.12-19.42.53:257][968]LogBlueprintUserMessages: [SideScrollerCharacter_78] Cannot switch while overlapping
[2020.02.12-19.42.53:366][981]LogBlueprintUserMessages: [SideScrollerCharacter_78] Cannot switch while overlapping
[2020.02.12-19.42.53:482][995]LogBlueprintUserMessages: [SideScrollerCharacter_78] Cannot switch while overlapping
[2020.02.12-19.42.53:591][  8]LogBlueprintUserMessages: [SideScrollerCharacter_78] Cannot switch while overlapping
[2020.02.12-19.42.53:724][ 24]LogBlueprintUserMessages: [SideScrollerCharacter_78] Cannot switch while overlapping
[2020.02.12-19.42.53:824][ 36]LogBlueprintUserMessages: [SideScrollerCharacter_78] Cannot switch while overlapping
[2020.02.12-19.42.53:957][ 52]LogBlueprintUserMessages: [SideScrollerCharacter_78] Cannot switch while overlapping
[2020.02.12-19.42.54:091][ 68]LogBlueprintUserMessages: [SideScrollerCharacter_78] Cannot switch while overlapping
[2020.02.12-19.42.54:324][ 96]LogBlueprintUserMessages: [SideScrollerCharacter_78] Cannot switch while overlapping
[2020.02.12-19.42.54:441][110]LogBlueprintUserMessages: [SideScrollerCharacter_78] Cannot switch while overlapping
[2020.02.12-19.42.54:525][120]LogBlueprintUserMessages: [SideScrollerCharacter_78] Cannot switch while overlapping
[2020.02.12-19.42.54:665][137]LogBlueprintUserMessages: [SideScrollerCharacter_78] Cannot switch while overlapping
[2020.02.12-19.42.54:774][150]LogBlueprintUserMessages: [SideScrollerCharacter_78] Cannot switch while overlapping
[2020.02.12-19.42.54:916][167]LogBlueprintUserMessages: [SideScrollerCharacter_78] Cannot switch while overlapping
[2020.02.12-19.42.55:115][191]LogBlueprintUserMessages: [SideScrollerCharacter_78] Cannot switch while overlapping
[2020.02.12-19.42.55:957][292]LogBlueprintUserMessages: [SideScrollerCharacter_78] Cannot switch while overlapping
[2020.02.12-19.42.56:325][336]LogBlueprintUserMessages: [SideScrollerCharacter_78] Cannot switch while overlapping
[2020.02.12-19.42.56:675][378]LogBlueprintUserMessages: [SideScrollerCharacter_78] Cannot switch while overlapping
[2020.02.12-19.42.56:941][410]LogBlueprintUserMessages: [SideScrollerCharacter_78] Cannot switch while overlapping
[2020.02.12-19.42.57:684][499]LogBlueprintUserMessages: Early EndPlayMap Detection: Level '/Game/SideScrollerBP/Maps/SideScrollerExampleMap.SideScrollerExampleMap:PersistentLevel' has LevelScriptBlueprint '/Game/SideScrollerBP/Maps/SideScrollerExampleMap.SideScrollerExampleMap:PersistentLevel.SideScrollerExampleMap' with GeneratedClass '/Game/SideScrollerBP/Maps/SideScrollerExampleMap.SideScrollerExampleMap_C' with ClassGeneratedBy '/Game/SideScrollerBP/Maps/SideScrollerExampleMap.SideScrollerExampleMap:PersistentLevel.SideScrollerExampleMap'
[2020.02.12-19.42.57:684][499]LogSlate: Updating window title bar state: overlay mode, drag disabled, window buttons hidden, title bar hidden
[2020.02.12-19.42.57:715][499]LogPlayLevel: Display: Shutting down PIE online subsystems
[2020.02.12-19.42.57:715][499]LogBlueprintUserMessages: Late EndPlayMap Detection: Level '/Game/SideScrollerBP/Maps/SideScrollerExampleMap.SideScrollerExampleMap:PersistentLevel' has LevelScriptBlueprint '/Game/SideScrollerBP/Maps/SideScrollerExampleMap.SideScrollerExampleMap:PersistentLevel.SideScrollerExampleMap' with GeneratedClass '/Game/SideScrollerBP/Maps/SideScrollerExampleMap.SideScrollerExampleMap_C' with ClassGeneratedBy '/Game/SideScrollerBP/Maps/SideScrollerExampleMap.SideScrollerExampleMap:PersistentLevel.SideScrollerExampleMap'
[2020.02.12-19.42.57:735][499]LogSlate: Updating window title bar state: overlay mode, drag disabled, window buttons hidden, title bar hidden
[2020.02.12-19.42.57:785][502]LogPlayLevel: Display: Destroying online subsystem :Context_5
[2020.02.12-19.42.59:547][713]LogSlate: FSceneViewport::OnFocusLost() reason 0
[2020.02.12-19.42.59:672][727]LogAssetEditorManager: Opening Asset editor for Blueprint /Game/TeamFolders/Lewis/bp_Outlined_Platform_LT_001.bp_Outlined_Platform_LT_001
[2020.02.12-19.43.00:028][727]LogContentBrowser: Native class hierarchy updated for 'BlueprintGraph' in 0.0005 seconds. Added 117 classes and 0 folders.
[2020.02.12-19.43.00:735][727]LogSlate: Took 0.007451 seconds to synchronously load lazily loaded font '../../../Engine/Content/Slate/Fonts/Roboto-BoldCondensed.ttf' (158K)
[2020.02.12-19.43.15:957][933]LogSlate: Window 'Delete Assets' being destroyed
[2020.02.12-19.43.21:001][267]LogAssetEditorManager: Opening Asset editor for Blueprint /Game/TeamFolders/Lewis/BP_Outline_LT_001.BP_Outline_LT_001
[2020.02.12-19.43.42:042][499]LogSlate: Took 0.020095 seconds to synchronously load lazily loaded font '../../../Engine/Content/Slate/Fonts/Roboto-Italic.ttf' (157K)
[2020.02.12-19.43.49:092][176]Cmd: DELETE
[2020.02.12-19.43.49:092][176]Cmd: ACTOR DELETE
[2020.02.12-19.43.49:100][176]LogEditorActor: Deleted Actor: BP_Outline_LT_001_C
[2020.02.12-19.43.49:127][176]LogEditorActor: Deleted 1 Actors (0.035 secs)
[2020.02.12-19.43.50:767][350]LogSlate: FSceneViewport::OnFocusLost() reason 0
[2020.02.12-19.43.51:291][404]LogRenderer: Reallocating scene render targets to support 1228x696 Format 10 NumSamples 1 (Frame:1).
[2020.02.12-19.43.53:516][646]LogSlate: Window 'BP_Outline_LT_001' being destroyed
[2020.02.12-19.43.54:574][762]LogSlate: FSceneViewport::OnFocusLost() reason 0
[2020.02.12-19.43.54:688][775]LogAssetEditorManager: Opening Asset editor for Blueprint /Game/TeamFolders/Lewis/bp_Outlined_Platform_LT_001.bp_Outlined_Platform_LT_001
[2020.02.12-19.44.05:567][ 32]LogSlate: FSceneViewport::OnFocusLost() reason 0
[2020.02.12-19.44.10:173][566]LogSlate: FSceneViewport::OnFocusLost() reason 0
[2020.02.12-19.44.10:255][576]LogTemp: Repeating last play command: Selected Viewport
[2020.02.12-19.44.10:274][576]LogBlueprintUserMessages: Early PlayInEditor Detection: Level '/Game/SideScrollerBP/Maps/SideScrollerExampleMap.SideScrollerExampleMap:PersistentLevel' has LevelScriptBlueprint '/Game/SideScrollerBP/Maps/SideScrollerExampleMap.SideScrollerExampleMap:PersistentLevel.SideScrollerExampleMap' with GeneratedClass '/Game/SideScrollerBP/Maps/SideScrollerExampleMap.SideScrollerExampleMap_C' with ClassGeneratedBy '/Game/SideScrollerBP/Maps/SideScrollerExampleMap.SideScrollerExampleMap:PersistentLevel.SideScrollerExampleMap'
[2020.02.12-19.44.10:274][576]LogPlayLevel: PlayLevel: No blueprints needed recompiling
[2020.02.12-19.44.10:274][576]PIE: New page: PIE session: SideScrollerExampleMap (12 Feb 2020 19:44:10)
[2020.02.12-19.44.10:274][576]LogPlayLevel: Creating play world package: /Game/SideScrollerBP/Maps/UEDPIE_0_SideScrollerExampleMap
[2020.02.12-19.44.10:293][576]LogPlayLevel: PIE: StaticDuplicateObject took: (0.018903s)
[2020.02.12-19.44.10:294][576]LogAIModule: Creating AISystem for world SideScrollerExampleMap
[2020.02.12-19.44.10:294][576]LogPlayLevel: PIE: World Init took: (0.000789s)
[2020.02.12-19.44.10:294][576]LogPlayLevel: PIE: Created PIE world by copying editor world from /Game/SideScrollerBP/Maps/SideScrollerExampleMap.SideScrollerExampleMap to /Game/SideScrollerBP/Maps/UEDPIE_0_SideScrollerExampleMap.SideScrollerExampleMap (0.019906s)
[2020.02.12-19.44.10:354][576]LogInit: XAudio2 using 'C24F390 (NVIDIA High Definition Audio)' : 2 channels at 48 kHz using 16 bits per sample (channel mask 0x3)
[2020.02.12-19.44.10:365][576]LogInit: FAudioDevice initialized.
[2020.02.12-19.44.10:394][576]LogLoad: Game class is 'SideScrollerGameMode_C'
[2020.02.12-19.44.10:399][576]LogWorld: Bringing World /Game/SideScrollerBP/Maps/UEDPIE_0_SideScrollerExampleMap.SideScrollerExampleMap up for play (max tick rate 0) at 2020.02.12-19.44.10
[2020.02.12-19.44.10:400][576]LogWorld: Bringing up level for play took: 0.005040
[2020.02.12-19.44.10:414][576]PIE: Play in editor start time for /Game/SideScrollerBP/Maps/UEDPIE_0_SideScrollerExampleMap 0.494
[2020.02.12-19.44.10:414][576]LogBlueprintUserMessages: Late PlayInEditor Detection: Level '/Game/SideScrollerBP/Maps/SideScrollerExampleMap.SideScrollerExampleMap:PersistentLevel' has LevelScriptBlueprint '/Game/SideScrollerBP/Maps/SideScrollerExampleMap.SideScrollerExampleMap:PersistentLevel.SideScrollerExampleMap' with GeneratedClass '/Game/SideScrollerBP/Maps/SideScrollerExampleMap.SideScrollerExampleMap_C' with ClassGeneratedBy '/Game/SideScrollerBP/Maps/SideScrollerExampleMap.SideScrollerExampleMap:PersistentLevel.SideScrollerExampleMap'
[2020.02.12-19.44.10:543][589]LogBlueprintUserMessages: [SideScrollerCharacter_78] Cannot switch while overlapping
[2020.02.12-19.44.12:182][784]LogBlueprintUserMessages: [SideScrollerCharacter_78] Cannot switch while overlapping
[2020.02.12-19.44.12:957][877]LogBlueprintUserMessages: [SideScrollerCharacter_78] Cannot switch while overlapping
[2020.02.12-19.44.14:116][ 16]LogLevel: Warning: Failed to find streaming level object associated with 'DarkWorld'
[2020.02.12-19.44.14:116][ 16]LogLevel: Warning: Failed to find streaming level object associated with 'SideScrollerExampleMap'
[2020.02.12-19.44.14:515][ 64]LogLevel: Warning: Failed to find streaming level object associated with 'SideScrollerExampleMap'
[2020.02.12-19.44.14:515][ 64]LogLevel: Warning: Failed to find streaming level object associated with 'DarkWorld'
[2020.02.12-19.44.14:882][108]LogLevel: Warning: Failed to find streaming level object associated with 'DarkWorld'
[2020.02.12-19.44.14:882][108]LogLevel: Warning: Failed to find streaming level object associated with 'SideScrollerExampleMap'
[2020.02.12-19.44.15:365][166]LogLevel: Warning: Failed to find streaming level object associated with 'SideScrollerExampleMap'
[2020.02.12-19.44.15:365][166]LogLevel: Warning: Failed to find streaming level object associated with 'DarkWorld'
[2020.02.12-19.44.15:515][184]LogLevel: Warning: Failed to find streaming level object associated with 'DarkWorld'
[2020.02.12-19.44.15:516][184]LogLevel: Warning: Failed to find streaming level object associated with 'SideScrollerExampleMap'
[2020.02.12-19.44.15:665][202]LogLevel: Warning: Failed to find streaming level object associated with 'SideScrollerExampleMap'
[2020.02.12-19.44.15:665][202]LogLevel: Warning: Failed to find streaming level object associated with 'DarkWorld'
[2020.02.12-19.44.15:966][238]LogLevel: Warning: Failed to find streaming level object associated with 'DarkWorld'
[2020.02.12-19.44.15:966][238]LogLevel: Warning: Failed to find streaming level object associated with 'SideScrollerExampleMap'
[2020.02.12-19.44.16:090][253]LogLevel: Warning: Failed to find streaming level object associated with 'SideScrollerExampleMap'
[2020.02.12-19.44.16:090][253]LogLevel: Warning: Failed to find streaming level object associated with 'DarkWorld'
[2020.02.12-19.44.16:224][269]LogLevel: Warning: Failed to find streaming level object associated with 'DarkWorld'
[2020.02.12-19.44.16:224][269]LogLevel: Warning: Failed to find streaming level object associated with 'SideScrollerExampleMap'
[2020.02.12-19.44.16:316][280]LogLevel: Warning: Failed to find streaming level object associated with 'SideScrollerExampleMap'
[2020.02.12-19.44.16:316][280]LogLevel: Warning: Failed to find streaming level object associated with 'DarkWorld'
[2020.02.12-19.44.16:440][295]LogLevel: Warning: Failed to find streaming level object associated with 'DarkWorld'
[2020.02.12-19.44.16:440][295]LogLevel: Warning: Failed to find streaming level object associated with 'SideScrollerExampleMap'
[2020.02.12-19.44.16:548][308]LogLevel: Warning: Failed to find streaming level object associated with 'SideScrollerExampleMap'
[2020.02.12-19.44.16:549][308]LogLevel: Warning: Failed to find streaming level object associated with 'DarkWorld'
[2020.02.12-19.44.16:665][322]LogLevel: Warning: Failed to find streaming level object associated with 'DarkWorld'
[2020.02.12-19.44.16:666][322]LogLevel: Warning: Failed to find streaming level object associated with 'SideScrollerExampleMap'
[2020.02.12-19.44.16:790][337]LogLevel: Warning: Failed to find streaming level object associated with 'SideScrollerExampleMap'
[2020.02.12-19.44.16:790][337]LogLevel: Warning: Failed to find streaming level object associated with 'DarkWorld'
[2020.02.12-19.44.17:090][373]LogLevel: Warning: Failed to find streaming level object associated with 'DarkWorld'
[2020.02.12-19.44.17:091][373]LogLevel: Warning: Failed to find streaming level object associated with 'SideScrollerExampleMap'
[2020.02.12-19.44.17:648][440]LogLevel: Warning: Failed to find streaming level object associated with 'SideScrollerExampleMap'
[2020.02.12-19.44.17:649][440]LogLevel: Warning: Failed to find streaming level object associated with 'DarkWorld'
[2020.02.12-19.44.17:807][459]LogLevel: Warning: Failed to find streaming level object associated with 'DarkWorld'
[2020.02.12-19.44.17:808][459]LogLevel: Warning: Failed to find streaming level object associated with 'SideScrollerExampleMap'
[2020.02.12-19.44.18:549][548]LogLevel: Warning: Failed to find streaming level object associated with 'SideScrollerExampleMap'
[2020.02.12-19.44.18:550][548]LogLevel: Warning: Failed to find streaming level object associated with 'DarkWorld'
[2020.02.12-19.44.18:715][568]LogLevel: Warning: Failed to find streaming level object associated with 'DarkWorld'
[2020.02.12-19.44.18:716][568]LogLevel: Warning: Failed to find streaming level object associated with 'SideScrollerExampleMap'
[2020.02.12-19.44.18:899][590]LogLevel: Warning: Failed to find streaming level object associated with 'SideScrollerExampleMap'
[2020.02.12-19.44.18:900][590]LogLevel: Warning: Failed to find streaming level object associated with 'DarkWorld'
[2020.02.12-19.44.19:024][605]LogBlueprintUserMessages: [SideScrollerCharacter_78] Cannot switch while overlapping
[2020.02.12-19.44.19:124][617]LogBlueprintUserMessages: [SideScrollerCharacter_78] Cannot switch while overlapping
[2020.02.12-19.44.19:266][634]LogBlueprintUserMessages: [SideScrollerCharacter_78] Cannot switch while overlapping
[2020.02.12-19.44.19:525][665]LogBlueprintUserMessages: Early EndPlayMap Detection: Level '/Game/SideScrollerBP/Maps/SideScrollerExampleMap.SideScrollerExampleMap:PersistentLevel' has LevelScriptBlueprint '/Game/SideScrollerBP/Maps/SideScrollerExampleMap.SideScrollerExampleMap:PersistentLevel.SideScrollerExampleMap' with GeneratedClass '/Game/SideScrollerBP/Maps/SideScrollerExampleMap.SideScrollerExampleMap_C' with ClassGeneratedBy '/Game/SideScrollerBP/Maps/SideScrollerExampleMap.SideScrollerExampleMap:PersistentLevel.SideScrollerExampleMap'
[2020.02.12-19.44.19:525][665]LogSlate: Updating window title bar state: overlay mode, drag disabled, window buttons hidden, title bar hidden
[2020.02.12-19.44.19:562][665]LogPlayLevel: Display: Shutting down PIE online subsystems
[2020.02.12-19.44.19:562][665]LogBlueprintUserMessages: Late EndPlayMap Detection: Level '/Game/SideScrollerBP/Maps/SideScrollerExampleMap.SideScrollerExampleMap:PersistentLevel' has LevelScriptBlueprint '/Game/SideScrollerBP/Maps/SideScrollerExampleMap.SideScrollerExampleMap:PersistentLevel.SideScrollerExampleMap' with GeneratedClass '/Game/SideScrollerBP/Maps/SideScrollerExampleMap.SideScrollerExampleMap_C' with ClassGeneratedBy '/Game/SideScrollerBP/Maps/SideScrollerExampleMap.SideScrollerExampleMap:PersistentLevel.SideScrollerExampleMap'
[2020.02.12-19.44.19:587][665]LogSlate: Updating window title bar state: overlay mode, drag disabled, window buttons hidden, title bar hidden
[2020.02.12-19.44.19:626][667]LogPlayLevel: Display: Destroying online subsystem :Context_9
[2020.02.12-19.44.20:634][788]LogEditorViewport: Clicking on Actor (LMB): BP_Outline_LT_001_C (BP_Outline_LT_001)
[2020.02.12-19.44.21:404][877]Cmd: DELETE
[2020.02.12-19.44.21:405][877]Cmd: ACTOR DELETE
[2020.02.12-19.44.21:412][877]LogEditorActor: Deleted Actor: BP_Outline_LT_001_C
[2020.02.12-19.44.21:435][877]LogEditorActor: Deleted 1 Actors (0.031 secs)
[2020.02.12-19.44.22:371][989]LogEditorViewport: Clicking on Actor (LMB): bp_Outlined_Platform_LT_001_C (bp_Outlined_Platform_LT_001)
[2020.02.12-19.44.23:023][ 62]Cmd: DELETE
[2020.02.12-19.44.23:023][ 62]Cmd: ACTOR DELETE
[2020.02.12-19.44.23:030][ 62]LogEditorActor: Deleted Actor: bp_Outlined_Platform_LT_001_C
[2020.02.12-19.44.23:053][ 62]LogEditorActor: Deleted 1 Actors (0.030 secs)
[2020.02.12-19.44.24:371][220]LogSlate: FSceneViewport::OnFocusLost() reason 0
[2020.02.12-19.44.39:626][ 45]LogSlate: Window 'Plugins' being destroyed
[2020.02.12-19.44.39:632][ 45]LogSlate: Window 'Plugins' being destroyed
[2020.02.12-19.44.39:632][ 45]LogDirectoryWatcher: A directory notification for '../../../Engine/Plugins/' was aborted.
[2020.02.12-19.45.25:312][177]LogSlate: Window 'Pick Parent Class' being destroyed
[2020.02.12-19.45.34:661][280]LogAssetEditorManager: Opening Asset editor for Blueprint /Game/TeamFolders/Lewis/NewBlueprint.NewBlueprint
[2020.02.12-19.45.44:720][393]LogMetaData: Removing '/Game/TeamFolders/Lewis/Read_Me.Read_Me:UserConstructionScript.K2Node_FunctionEntry_0' ref from Metadata '/Game/TeamFolders/Lewis/NewBlueprint.PackageMetaData'
[2020.02.12-19.45.44:720][393]LogMetaData: Removing '/Game/TeamFolders/Lewis/Read_Me.SKEL_Read_Me_C' ref from Metadata '/Game/TeamFolders/Lewis/NewBlueprint.PackageMetaData'
[2020.02.12-19.45.44:720][393]LogMetaData: Removing '/Game/TeamFolders/Lewis/Read_Me.Read_Me_C' ref from Metadata '/Game/TeamFolders/Lewis/NewBlueprint.PackageMetaData'
[2020.02.12-19.45.44:720][393]LogMetaData: Removing '/Game/TeamFolders/Lewis/Read_Me.Read_Me:EventGraph.K2Node_Event_0' ref from Metadata '/Game/TeamFolders/Lewis/NewBlueprint.PackageMetaData'
[2020.02.12-19.45.44:720][393]LogMetaData: Removing '/Game/TeamFolders/Lewis/Read_Me.Read_Me:EventGraph.K2Node_Event_1' ref from Metadata '/Game/TeamFolders/Lewis/NewBlueprint.PackageMetaData'
[2020.02.12-19.45.44:720][393]LogMetaData: Removing '/Game/TeamFolders/Lewis/Read_Me.Read_Me:EventGraph.K2Node_Event_2' ref from Metadata '/Game/TeamFolders/Lewis/NewBlueprint.PackageMetaData'
[2020.02.12-19.45.44:744][393]Cmd: OBJ SAVEPACKAGE PACKAGE="/Game/TeamFolders/Lewis/Read_Me" FILE="../../../../../../Users/marti/Documents/Unreal Projects/JourneymanMechanics/Content/TeamFolders/Lewis/Read_Me.uasset" SILENT=true
[2020.02.12-19.45.44:769][393]LogSavePackage: Moving '../../../../../../Users/marti/Documents/Unreal Projects/JourneymanMechanics/Saved/Read_Me4830B0F04688943993B86C9E1F8E02DF.tmp' to '../../../../../../Users/marti/Documents/Unreal Projects/JourneymanMechanics/Content/TeamFolders/Lewis/Read_Me.uasset'
[2020.02.12-19.46.09:795][308]LogBlueprint: Warning: FMemberReference::ResolveMember (K2_DestroyActor) bSelfContext == true, but no scope supplied!
[2020.02.12-19.46.09:934][308]LogMetaData: Removing '/Game/TeamFolders/Lewis/READMYEVENTGRAPH.READMYEVENTGRAPH_C' ref from Metadata '/Game/TeamFolders/Lewis/Read_Me.PackageMetaData'
[2020.02.12-19.46.09:934][308]LogMetaData: Removing '/Game/TeamFolders/Lewis/READMYEVENTGRAPH.SKEL_READMYEVENTGRAPH_C' ref from Metadata '/Game/TeamFolders/Lewis/Read_Me.PackageMetaData'
[2020.02.12-19.46.09:934][308]LogMetaData: Removing '/Game/TeamFolders/Lewis/READMYEVENTGRAPH.READMYEVENTGRAPH:UserConstructionScript.K2Node_FunctionEntry_0' ref from Metadata '/Game/TeamFolders/Lewis/Read_Me.PackageMetaData'
[2020.02.12-19.46.09:934][308]LogMetaData: Removing '/Game/TeamFolders/Lewis/READMYEVENTGRAPH.READMYEVENTGRAPH:EventGraph.K2Node_Event_0' ref from Metadata '/Game/TeamFolders/Lewis/Read_Me.PackageMetaData'
[2020.02.12-19.46.09:934][308]LogMetaData: Removing '/Game/TeamFolders/Lewis/READMYEVENTGRAPH.READMYEVENTGRAPH:EventGraph.K2Node_Event_1' ref from Metadata '/Game/TeamFolders/Lewis/Read_Me.PackageMetaData'
[2020.02.12-19.46.09:934][308]LogMetaData: Removing '/Game/TeamFolders/Lewis/READMYEVENTGRAPH.READMYEVENTGRAPH:EventGraph.K2Node_Event_2' ref from Metadata '/Game/TeamFolders/Lewis/Read_Me.PackageMetaData'
[2020.02.12-19.46.09:959][308]LogSavePackage: Moving '../../../../../../Users/marti/Documents/Unreal Projects/JourneymanMechanics/Saved/READMYEVENTGRAPH3C7C0AA44DA0DFAC048CCCA60DAD6133.tmp' to '../../../../../../Users/marti/Documents/Unreal Projects/JourneymanMechanics/Content/TeamFolders/Lewis/READMYEVENTGRAPH.uasset'
[2020.02.12-19.46.22:238][741]LogBlueprint: Warning: FMemberReference::ResolveMember (K2_DestroyActor) bSelfContext == true, but no scope supplied!
[2020.02.12-19.46.22:379][741]LogMetaData: Removing '/Game/TeamFolders/Lewis/READ_MY_EVENT_GRAPH.READ_MY_EVENT_GRAPH_C' ref from Metadata '/Game/TeamFolders/Lewis/READMYEVENTGRAPH.PackageMetaData'
[2020.02.12-19.46.22:379][741]LogMetaData: Removing '/Game/TeamFolders/Lewis/READ_MY_EVENT_GRAPH.SKEL_READ_MY_EVENT_GRAPH_C' ref from Metadata '/Game/TeamFolders/Lewis/READMYEVENTGRAPH.PackageMetaData'
[2020.02.12-19.46.22:379][741]LogMetaData: Removing '/Game/TeamFolders/Lewis/READ_MY_EVENT_GRAPH.READ_MY_EVENT_GRAPH:UserConstructionScript.K2Node_FunctionEntry_0' ref from Metadata '/Game/TeamFolders/Lewis/READMYEVENTGRAPH.PackageMetaData'
[2020.02.12-19.46.22:406][741]LogSavePackage: Moving '../../../../../../Users/marti/Documents/Unreal Projects/JourneymanMechanics/Saved/READ_MY_EVENT_GRAPH36E128E84984E0FD30D1D881BEF7FB03.tmp' to '../../../../../../Users/marti/Documents/Unreal Projects/JourneymanMechanics/Content/TeamFolders/Lewis/READ_MY_EVENT_GRAPH.uasset'
[2020.02.12-19.47.54:026][607]LogSlate: Window 'Color Picker' being destroyed
[2020.02.12-19.47.54:990][720]BlueprintLog: New page: Compile READ_MY_EVENT_GRAPH
[2020.02.12-19.47.54:991][720]LogBlueprint: Warning: FMemberReference::ResolveMember (K2_DestroyActor) bSelfContext == true, but no scope supplied!
[2020.02.12-19.47.56:065][828]LogSlate: Window 'READ_MY_EVENT_GRAPH*' being destroyed
[2020.02.12-19.49.19:956][568]LogBlueprint: Warning: [Compiler LewisGUY] InputAction Event references unknown Action 'Jump' for  InputAction Jump
[2020.02.12-19.49.19:960][568]LogBlueprint: Warning: [Compiler LewisGUY] [0451.59] Compile of LewisGUY successful, but with 1 Warning(s) [in 6 ms] (/Game/SideScrollerBP/Blueprints/LewisGUY.LewisGUY)
[2020.02.12-19.49.21:841][768]Cmd: DELETE
[2020.02.12-19.49.21:841][768]Cmd: ACTOR DELETE
[2020.02.12-19.49.21:848][768]LogEditorActor: Deleted Actor: BP_BreakableCube_LT_001_C
[2020.02.12-19.49.21:872][768]LogEditorActor: Deleted 1 Actors (0.032 secs)
[2020.02.12-19.49.23:153][921]LogSlate: FSceneViewport::OnFocusLost() reason 0
[2020.02.12-19.49.26:415][  0]LogSlate: Window 'Delete Assets' being destroyed
[2020.02.12-19.49.38:833][413]LogSlate: Window 'Failed Renames' being destroyed
[2020.02.12-19.49.48:048][363]LogSlate: Window 'Delete Assets' being destroyed
[2020.02.12-19.49.57:424][304]LogSlate: Window 'Delete Assets' being destroyed
[2020.02.12-19.50.03:946][ 75]LogMetaData: Removing '/Game/TeamFolders/Lewis/BP_BreakableCube_LT_001.BP_BreakableCube_LT_001:UserConstructionScript.K2Node_FunctionEntry_0' ref from Metadata '/Game/SideScrollerBP/Blueprints/BP_BreakableCube_LT_001.PackageMetaData'
[2020.02.12-19.50.03:946][ 75]LogMetaData: Removing '/Game/TeamFolders/Lewis/BP_BreakableCube_LT_001.BP_BreakableCube_LT_001_C' ref from Metadata '/Game/SideScrollerBP/Blueprints/BP_BreakableCube_LT_001.PackageMetaData'
[2020.02.12-19.50.03:946][ 75]LogMetaData: Removing '/Game/TeamFolders/Lewis/BP_BreakableCube_LT_001.BP_BreakableCube_LT_001:EventGraph.K2Node_Event_0' ref from Metadata '/Game/SideScrollerBP/Blueprints/BP_BreakableCube_LT_001.PackageMetaData'
[2020.02.12-19.50.03:946][ 75]LogMetaData: Removing '/Game/TeamFolders/Lewis/BP_BreakableCube_LT_001.BP_BreakableCube_LT_001:EventGraph.K2Node_Event_1' ref from Metadata '/Game/SideScrollerBP/Blueprints/BP_BreakableCube_LT_001.PackageMetaData'
[2020.02.12-19.50.03:946][ 75]LogMetaData: Removing '/Game/TeamFolders/Lewis/BP_BreakableCube_LT_001.BP_BreakableCube_LT_001:EventGraph.K2Node_Event_2' ref from Metadata '/Game/SideScrollerBP/Blueprints/BP_BreakableCube_LT_001.PackageMetaData'
[2020.02.12-19.50.03:946][ 75]LogMetaData: Removing '/Game/TeamFolders/Lewis/BP_BreakableCube_LT_001.SKEL_BP_BreakableCube_LT_001_C:ReceiveBeginPlay' ref from Metadata '/Game/SideScrollerBP/Blueprints/BP_BreakableCube_LT_001.PackageMetaData'
[2020.02.12-19.50.03:946][ 75]LogMetaData: Removing '/Game/TeamFolders/Lewis/BP_BreakableCube_LT_001.SKEL_BP_BreakableCube_LT_001_C:ReceiveActorBeginOverlap' ref from Metadata '/Game/SideScrollerBP/Blueprints/BP_BreakableCube_LT_001.PackageMetaData'
[2020.02.12-19.50.03:946][ 75]LogMetaData: Removing '/Game/TeamFolders/Lewis/BP_BreakableCube_LT_001.SKEL_BP_BreakableCube_LT_001_C:ReceiveTick' ref from Metadata '/Game/SideScrollerBP/Blueprints/BP_BreakableCube_LT_001.PackageMetaData'
[2020.02.12-19.50.03:946][ 75]LogMetaData: Removing '/Game/TeamFolders/Lewis/BP_BreakableCube_LT_001.SKEL_BP_BreakableCube_LT_001_C:BndEvt__Box_K2Node_ComponentBoundEvent_0_ComponentBeginOverlapSignature__DelegateSignature' ref from Metadata '/Game/SideScrollerBP/Blueprints/BP_BreakableCube_LT_001.PackageMetaData'
[2020.02.12-19.50.03:946][ 75]LogMetaData: Removing '/Game/TeamFolders/Lewis/BP_BreakableCube_LT_001.SKEL_BP_BreakableCube_LT_001_C:Box' ref from Metadata '/Game/SideScrollerBP/Blueprints/BP_BreakableCube_LT_001.PackageMetaData'
[2020.02.12-19.50.03:946][ 75]LogMetaData: Removing '/Game/TeamFolders/Lewis/BP_BreakableCube_LT_001.SKEL_BP_BreakableCube_LT_001_C:Arrow' ref from Metadata '/Game/SideScrollerBP/Blueprints/BP_BreakableCube_LT_001.PackageMetaData'
[2020.02.12-19.50.03:946][ 75]LogMetaData: Removing '/Game/TeamFolders/Lewis/BP_BreakableCube_LT_001.SKEL_BP_BreakableCube_LT_001_C:UserConstructionScript' ref from Metadata '/Game/SideScrollerBP/Blueprints/BP_BreakableCube_LT_001.PackageMetaData'
[2020.02.12-19.50.03:946][ 75]LogMetaData: Removing '/Game/TeamFolders/Lewis/BP_BreakableCube_LT_001.SKEL_BP_BreakableCube_LT_001_C' ref from Metadata '/Game/SideScrollerBP/Blueprints/BP_BreakableCube_LT_001.PackageMetaData'
[2020.02.12-19.50.03:946][ 75]LogMetaData: Removing '/Game/TeamFolders/Lewis/BP_BreakableCube_LT_001.BP_BreakableCube_LT_001_C:Box' ref from Metadata '/Game/SideScrollerBP/Blueprints/BP_BreakableCube_LT_001.PackageMetaData'
[2020.02.12-19.50.03:946][ 75]LogMetaData: Removing '/Game/TeamFolders/Lewis/BP_BreakableCube_LT_001.BP_BreakableCube_LT_001_C:Arrow' ref from Metadata '/Game/SideScrollerBP/Blueprints/BP_BreakableCube_LT_001.PackageMetaData'
[2020.02.12-19.50.03:946][ 75]LogMetaData: Removing '/Game/TeamFolders/Lewis/BP_BreakableCube_LT_001.BP_BreakableCube_LT_001_C:UserConstructionScript' ref from Metadata '/Game/SideScrollerBP/Blueprints/BP_BreakableCube_LT_001.PackageMetaData'
[2020.02.12-19.50.03:981][ 75]LogSavePackage: Moving '../../../../../../Users/marti/Documents/Unreal Projects/JourneymanMechanics/Saved/BP_BreakableCube_LT_001C2F0B1EB4CDB1991B71AA0877B3E0E32.tmp' to '../../../../../../Users/marti/Documents/Unreal Projects/JourneymanMechanics/Content/TeamFolders/Lewis/BP_BreakableCube_LT_001.uasset'
[2020.02.12-19.50.06:416][340]LogAssetEditorManager: Opening Asset editor for Blueprint /Game/SideScrollerBP/Blueprints/SideScrollerCharacter.SideScrollerCharacter
[2020.02.12-19.50.16:931][483]LogEditorViewport: Clicking on Actor (LMB): StaticMeshActor (Floor7)
[2020.02.12-19.50.17:603][558]LogEditorViewport: Clicking on Actor (LMB): BP_BreakableCube_LT_001_C (BP_BreakableCube_LT_001)
[2020.02.12-19.50.21:003][955]LogSlate: FSceneViewport::OnFocusLost() reason 0
[2020.02.12-19.50.21:053][961]LogTemp: Repeating last play command: Selected Viewport
[2020.02.12-19.50.21:072][961]LogBlueprintUserMessages: Early PlayInEditor Detection: Level '/Game/SideScrollerBP/Maps/SideScrollerExampleMap.SideScrollerExampleMap:PersistentLevel' has LevelScriptBlueprint '/Game/SideScrollerBP/Maps/SideScrollerExampleMap.SideScrollerExampleMap:PersistentLevel.SideScrollerExampleMap' with GeneratedClass '/Game/SideScrollerBP/Maps/SideScrollerExampleMap.SideScrollerExampleMap_C' with ClassGeneratedBy '/Game/SideScrollerBP/Maps/SideScrollerExampleMap.SideScrollerExampleMap:PersistentLevel.SideScrollerExampleMap'
[2020.02.12-19.50.21:072][961]BlueprintLog: New page: Pre-Play auto-recompile
[2020.02.12-19.50.21:073][961]LogBlueprint: Warning: FMemberReference::ResolveMember (Jump) bSelfContext == true, but no scope supplied!
[2020.02.12-19.50.21:073][961]LogBlueprint: Warning: FMemberReference::ResolveMember (AddMovementInput) bSelfContext == true, but no scope supplied!
[2020.02.12-19.50.21:073][961]LogBlueprint: Warning: FMemberReference::ResolveMember (StopJumping) bSelfContext == true, but no scope supplied!
[2020.02.12-19.50.21:073][961]LogPlayLevel: [PlayLevel] Compiling READ_MY_EVENT_GRAPH before play...
[2020.02.12-19.50.21:075][961]LogOutputDevice: Warning: 

Script Stack (0 frames):

[2020.02.12-19.50.21:075][961]LogWindows: Windows GetLastError: The operation completed successfully. (0)
[2020.02.12-19.50.24:984][961]LogWindows: Error: === Critical error: ===
[2020.02.12-19.50.24:984][961]LogWindows: Error: 
[2020.02.12-19.50.24:984][961]LogWindows: Error: Assertion failed: Blueprint [File:D:\Build\++UE4\Sync\Engine\Source\Runtime\Engine\Private\SimpleConstructionScript.cpp] [Line: 1298] 
[2020.02.12-19.50.24:984][961]LogWindows: Error: 
[2020.02.12-19.50.24:984][961]LogWindows: Error: 
[2020.02.12-19.50.24:984][961]LogWindows: Error: 
[2020.02.12-19.50.24:984][961]LogWindows: Error: [Callstack] 0x00007ffd9d90a839 KERNELBASE.dll!UnknownFunction []
[2020.02.12-19.50.24:984][961]LogWindows: Error: [Callstack] 0x00007ffd652dcd1a UE4Editor-Core.dll!UnknownFunction []
[2020.02.12-19.50.24:984][961]LogWindows: Error: [Callstack] 0x00007ffd650ba967 UE4Editor-Core.dll!UnknownFunction []
[2020.02.12-19.50.24:984][961]LogWindows: Error: [Callstack] 0x00007ffd64ff0df7 UE4Editor-Core.dll!UnknownFunction []
[2020.02.12-19.50.24:984][961]LogWindows: Error: [Callstack] 0x00007ffd315b1759 UE4Editor-Engine.dll!UnknownFunction []
[2020.02.12-19.50.24:984][961]LogWindows: Error: [Callstack] 0x00007ffd5e08072e UE4Editor-KismetCompiler.dll!UnknownFunction []
[2020.02.12-19.50.24:984][961]LogWindows: Error: [Callstack] 0x00007ffd6305711a UE4Editor-Kismet.dll!UnknownFunction []
[2020.02.12-19.50.24:984][961]LogWindows: Error: [Callstack] 0x00007ffd6305b4c2 UE4Editor-Kismet.dll!UnknownFunction []
[2020.02.12-19.50.24:984][961]LogWindows: Error: [Callstack] 0x00007ffd630096d8 UE4Editor-Kismet.dll!UnknownFunction []
[2020.02.12-19.50.24:984][961]LogWindows: Error: [Callstack] 0x00007ffd2d243efc UE4Editor-UnrealEd.dll!UnknownFunction []
[2020.02.12-19.50.24:984][961]LogWindows: Error: [Callstack] 0x00007ffd2d3d1da9 UE4Editor-UnrealEd.dll!UnknownFunction []
[2020.02.12-19.50.24:984][961]LogWindows: Error: [Callstack] 0x00007ffd2d3ba45c UE4Editor-UnrealEd.dll!UnknownFunction []
[2020.02.12-19.50.24:984][961]LogWindows: Error: [Callstack] 0x00007ffd2d3d92e6 UE4Editor-UnrealEd.dll!UnknownFunction []
[2020.02.12-19.50.24:984][961]LogWindows: Error: [Callstack] 0x00007ffd2cdd1891 UE4Editor-UnrealEd.dll!UnknownFunction []
[2020.02.12-19.50.24:984][961]LogWindows: Error: [Callstack] 0x00007ffd2d6f2346 UE4Editor-UnrealEd.dll!UnknownFunction []
[2020.02.12-19.50.24:984][961]LogWindows: Error: [Callstack] 0x00007ff693c46225 UE4Editor.exe!UnknownFunction []
[2020.02.12-19.50.24:984][961]LogWindows: Error: [Callstack] 0x00007ff693c5596c UE4Editor.exe!UnknownFunction []
[2020.02.12-19.50.24:984][961]LogWindows: Error: [Callstack] 0x00007ff693c559ea UE4Editor.exe!UnknownFunction []
[2020.02.12-19.50.24:984][961]LogWindows: Error: [Callstack] 0x00007ff693c648da UE4Editor.exe!UnknownFunction []
[2020.02.12-19.50.24:985][961]LogWindows: Error: [Callstack] 0x00007ff693c6659a UE4Editor.exe!UnknownFunction []
[2020.02.12-19.50.24:985][961]LogWindows: Error: [Callstack] 0x00007ffd9fe97bd4 KERNEL32.DLL!UnknownFunction []
[2020.02.12-19.50.24:985][961]LogWindows: Error: [Callstack] 0x00007ffda09aced1 ntdll.dll!UnknownFunction []
[2020.02.12-19.50.24:985][961]LogWindows: Error: 
[2020.02.12-19.50.24:994][961]LogExit: Executing StaticShutdownAfterError
[2020.02.12-19.50.25:013][961]LogWindows: FPlatformMisc::RequestExit(1)
[2020.02.12-19.50.25:032][961]Log file closed, 02/12/20 19:50:25
